
[2025-03-02 12:21:17.439222] 系统启动，日志重定向到 ./recommend_system.log
[2025-03-02 12:21:17.439258] 跳过数据库表结构初始化，如需初始化请使用 --init-db 参数
[2025-03-02 12:21:17.439262] 启动调度任务服务...
[2025-03-02 12:21:17.439385] 开始更新TF-IDF模型...
[2025-03-02 12:21:17.439463] 系统运行中，按Ctrl+C终止...
[2025-03-02 12:21:17.440909] 更新模型失败: The truth value of a DataFrame is ambiguous. Use a.empty, a.bool(), a.item(), a.any() or a.all().
[2025-03-02 12:21:17.440934] 开始生成热点话题...
[2025-03-02 12:21:17.441241] 生成热点话题失败: The truth value of a DataFrame is ambiguous. Use a.empty, a.bool(), a.item(), a.any() or a.all().
[2025-03-02 12:21:17.441253] 开始批量生成用户推荐...
[2025-03-02 12:21:17.441452] 批量生成推荐失败: The truth value of a DataFrame is ambiguous. Use a.empty, a.bool(), a.item(), a.any() or a.all().
[2025-03-02 12:21:17.441619] 调度器启动成功:
  - 热点话题: 每5分钟更新
  - 用户推荐: 每60分钟批量生成
  - 模型更新: 每天00:30
  - 数据清理: 每天02:00
[2025-03-02 12:26:17.499229] 开始生成热点话题...
[2025-03-02 12:26:17.526017] 生成热点话题失败: The truth value of a DataFrame is ambiguous. Use a.empty, a.bool(), a.item(), a.any() or a.all().
[2025-03-02 12:31:17.570182] 开始生成热点话题...
[2025-03-02 12:31:17.576496] 生成热点话题失败: The truth value of a DataFrame is ambiguous. Use a.empty, a.bool(), a.item(), a.any() or a.all().
[2025-03-02 12:36:17.669199] 开始生成热点话题...
[2025-03-02 12:36:17.673983] 生成热点话题失败: The truth value of a DataFrame is ambiguous. Use a.empty, a.bool(), a.item(), a.any() or a.all().
[2025-03-02 12:41:17.763623] 开始生成热点话题...
[2025-03-02 12:41:17.769128] 生成热点话题失败: The truth value of a DataFrame is ambiguous. Use a.empty, a.bool(), a.item(), a.any() or a.all().

[2025-03-02 12:44:10.327879] 收到退出信号，正在安全退出...
[2025-03-02 12:44:10.920225] 系统已安全退出

[2025-03-02 12:48:40.605385] 系统启动，日志重定向到 ./recommend_system.log
[2025-03-02 12:48:40.605415] 信号处理函数已注册
[2025-03-02 12:48:40.605418] 正在初始化数据库连接池...
[2025-03-02 12:48:40.605421] 数据库连接池初始化完成
[2025-03-02 12:48:40.605423] 跳过数据库表结构初始化，如需初始化请使用 --init-db 参数
[2025-03-02 12:48:40.605425] 启动调度任务服务...
[2025-03-02 12:48:40.605569] 正在初始化定时任务调度器...
[2025-03-02 12:48:40.605596] 已添加心跳监控任务 (每分钟)
[2025-03-02 12:48:40.605617] 已添加热门内容更新任务 (每小时)
[2025-03-02 12:48:40.605626] 已添加用户兴趣模型更新任务 (每4小时)
[2025-03-02 12:48:40.605734] 已添加全量数据分析任务 (每天03:00)
[2025-03-02 12:48:40.605737] 下次任务执行时间:
  - log_scheduler_heartbeat (每分钟): 2025-03-02 12:49:40 (约 0 分钟后)
  - scheduled_task (未知任务): 2025-03-02 13:48:40 (约 59 分钟后)
  - scheduled_task (未知任务): 2025-03-02 16:48:40 (约 239 分钟后)
  - scheduled_task (未知任务): 2025-03-03 03:00:00 (约 851 分钟后)
[2025-03-02 12:48:40.605842] 定时任务调度器初始化完成，共设置了 4 个任务
[2025-03-02 12:48:40.605865] 调度任务线程已启动
[2025-03-02 12:48:40.605868] 系统启动完成，耗时: 0.00秒
[2025-03-02 12:48:40.605874] 系统运行中，按Ctrl+C终止...
[2025-03-02 12:49:40.833639] 调度器心跳 - 系统正常运行中, 当前活跃任务数: 0
[2025-03-02 12:49:40.838273] 系统运行正常，已运行: 1.0分钟
[2025-03-02 12:49:40.839005] 下次任务执行时间:
  - log_scheduler_heartbeat (每分钟): 2025-03-02 12:49:40 (约 0 分钟后)
  - scheduled_task (未知任务): 2025-03-02 13:48:40 (约 58 分钟后)
  - scheduled_task (未知任务): 2025-03-02 16:48:40 (约 238 分钟后)
  - scheduled_task (未知任务): 2025-03-03 03:00:00 (约 850 分钟后)
[2025-03-02 12:50:41.066557] 调度器心跳 - 系统正常运行中, 当前活跃任务数: 0
[2025-03-02 12:50:41.066826] 下次任务执行时间:
  - log_scheduler_heartbeat (每分钟): 2025-03-02 12:50:40 (约 0 分钟后)
  - scheduled_task (未知任务): 2025-03-02 13:48:40 (约 57 分钟后)
  - scheduled_task (未知任务): 2025-03-02 16:48:40 (约 237 分钟后)
  - scheduled_task (未知任务): 2025-03-03 03:00:00 (约 849 分钟后)
[2025-03-02 12:50:41.079538] 系统运行正常，已运行: 2.0分钟
[2025-03-02 12:51:41.315768] 系统运行正常，已运行: 3.0分钟
[2025-03-02 12:51:41.324715] 调度器心跳 - 系统正常运行中, 当前活跃任务数: 0
[2025-03-02 12:52:41.549999] 系统运行正常，已运行: 4.0分钟
[2025-03-02 12:52:41.560474] 调度器心跳 - 系统正常运行中, 当前活跃任务数: 0
[2025-03-02 12:53:41.765661] 系统运行正常，已运行: 5.0分钟
[2025-03-02 12:53:41.791730] 调度器心跳 - 系统正常运行中, 当前活跃任务数: 0
[2025-03-02 12:54:41.987400] 系统运行正常，已运行: 6.0分钟
[2025-03-02 12:54:42.018709] 调度器心跳 - 系统正常运行中, 当前活跃任务数: 0
[2025-03-02 12:55:42.210289] 系统运行正常，已运行: 7.0分钟
[2025-03-02 12:55:42.243157] 调度器心跳 - 系统正常运行中, 当前活跃任务数: 0
[2025-03-02 12:55:42.243259] 下次任务执行时间:
  - log_scheduler_heartbeat (每分钟): 2025-03-02 12:55:42 (约 0 分钟后)
  - scheduled_task (未知任务): 2025-03-02 13:48:40 (约 52 分钟后)
  - scheduled_task (未知任务): 2025-03-02 16:48:40 (约 232 分钟后)
  - scheduled_task (未知任务): 2025-03-03 03:00:00 (约 844 分钟后)
[2025-03-02 12:56:42.476391] 系统运行正常，已运行: 8.0分钟
[2025-03-02 12:56:42.497890] 调度器心跳 - 系统正常运行中, 当前活跃任务数: 0
[2025-03-02 12:57:42.980694] 系统运行正常，已运行: 9.0分钟
[2025-03-02 12:57:43.001468] 调度器心跳 - 系统正常运行中, 当前活跃任务数: 0
[2025-03-02 12:57:43.001600] 下次任务执行时间:
  - log_scheduler_heartbeat (每分钟): 2025-03-02 12:57:42 (约 0 分钟后)
  - scheduled_task (未知任务): 2025-03-02 13:48:40 (约 50 分钟后)
  - scheduled_task (未知任务): 2025-03-02 16:48:40 (约 230 分钟后)
  - scheduled_task (未知任务): 2025-03-03 03:00:00 (约 842 分钟后)
[2025-03-02 12:58:43.471005] 系统运行正常，已运行: 10.0分钟
[2025-03-02 12:58:43.512018] 调度器心跳 - 系统正常运行中, 当前活跃任务数: 0
[2025-03-02 12:59:43.992081] 系统运行正常，已运行: 11.1分钟
[2025-03-02 12:59:44.019646] 调度器心跳 - 系统正常运行中, 当前活跃任务数: 0
[2025-03-02 13:00:44.495846] 系统运行正常，已运行: 12.1分钟
[2025-03-02 13:00:44.526239] 调度器心跳 - 系统正常运行中, 当前活跃任务数: 0
[2025-03-02 13:01:44.976475] 系统运行正常，已运行: 13.1分钟
[2025-03-02 13:01:45.027778] 调度器心跳 - 系统正常运行中, 当前活跃任务数: 0
[2025-03-02 13:02:45.428932] 系统运行正常，已运行: 14.1分钟
[2025-03-02 13:02:45.518749] 调度器心跳 - 系统正常运行中, 当前活跃任务数: 0
[2025-03-02 13:03:45.928022] 系统运行正常，已运行: 15.1分钟
[2025-03-02 13:03:46.012018] 调度器心跳 - 系统正常运行中, 当前活跃任务数: 0
[2025-03-02 13:04:46.416441] 系统运行正常，已运行: 16.1分钟
[2025-03-02 13:04:46.502877] 调度器心跳 - 系统正常运行中, 当前活跃任务数: 0
[2025-03-02 13:05:46.920340] 系统运行正常，已运行: 17.1分钟
[2025-03-02 13:05:47.006104] 调度器心跳 - 系统正常运行中, 当前活跃任务数: 0
[2025-03-02 13:06:47.419481] 系统运行正常，已运行: 18.1分钟
[2025-03-02 13:06:47.512957] 调度器心跳 - 系统正常运行中, 当前活跃任务数: 0
[2025-03-02 13:07:47.932286] 系统运行正常，已运行: 19.1分钟
[2025-03-02 13:07:48.019921] 调度器心跳 - 系统正常运行中, 当前活跃任务数: 0
[2025-03-02 13:08:48.417256] 系统运行正常，已运行: 20.1分钟
[2025-03-02 13:08:48.511252] 调度器心跳 - 系统正常运行中, 当前活跃任务数: 0
[2025-03-02 13:09:48.903551] 系统运行正常，已运行: 21.1分钟
[2025-03-02 13:09:49.026519] 调度器心跳 - 系统正常运行中, 当前活跃任务数: 0
[2025-03-02 13:09:49.026774] 下次任务执行时间:
  - log_scheduler_heartbeat (每分钟): 2025-03-02 13:09:48 (约 0 分钟后)
  - scheduled_task (未知任务): 2025-03-02 13:48:40 (约 38 分钟后)
  - scheduled_task (未知任务): 2025-03-02 16:48:40 (约 218 分钟后)
  - scheduled_task (未知任务): 2025-03-03 03:00:00 (约 830 分钟后)
[2025-03-02 13:10:49.392915] 系统运行正常，已运行: 22.1分钟
[2025-03-02 13:10:49.515775] 调度器心跳 - 系统正常运行中, 当前活跃任务数: 0
[2025-03-02 13:10:49.515908] 下次任务执行时间:
  - log_scheduler_heartbeat (每分钟): 2025-03-02 13:10:49 (约 0 分钟后)
  - scheduled_task (未知任务): 2025-03-02 13:48:40 (约 37 分钟后)
  - scheduled_task (未知任务): 2025-03-02 16:48:40 (约 217 分钟后)
  - scheduled_task (未知任务): 2025-03-03 03:00:00 (约 829 分钟后)
[2025-03-02 13:11:49.879884] 系统运行正常，已运行: 23.2分钟
[2025-03-02 13:11:50.020169] 调度器心跳 - 系统正常运行中, 当前活跃任务数: 0
[2025-03-02 13:12:50.379561] 系统运行正常，已运行: 24.2分钟
[2025-03-02 13:12:50.509312] 调度器心跳 - 系统正常运行中, 当前活跃任务数: 0
[2025-03-02 13:13:50.875270] 系统运行正常，已运行: 25.2分钟
[2025-03-02 13:13:51.012258] 调度器心跳 - 系统正常运行中, 当前活跃任务数: 0
[2025-03-02 13:14:51.384494] 系统运行正常，已运行: 26.2分钟
[2025-03-02 13:14:51.510316] 调度器心跳 - 系统正常运行中, 当前活跃任务数: 0
[2025-03-02 13:15:51.876932] 系统运行正常，已运行: 27.2分钟
[2025-03-02 13:15:51.999541] 调度器心跳 - 系统正常运行中, 当前活跃任务数: 0
[2025-03-02 13:16:52.390616] 系统运行正常，已运行: 28.2分钟
[2025-03-02 13:16:52.477814] 调度器心跳 - 系统正常运行中, 当前活跃任务数: 0
[2025-03-02 13:17:52.881294] 系统运行正常，已运行: 29.2分钟
[2025-03-02 13:17:52.984510] 调度器心跳 - 系统正常运行中, 当前活跃任务数: 0
[2025-03-02 13:18:53.376424] 系统运行正常，已运行: 30.2分钟
[2025-03-02 13:18:53.478913] 调度器心跳 - 系统正常运行中, 当前活跃任务数: 0
[2025-03-02 13:19:53.877539] 系统运行正常，已运行: 31.2分钟
[2025-03-02 13:19:53.983902] 调度器心跳 - 系统正常运行中, 当前活跃任务数: 0
[2025-03-02 13:20:54.366147] 系统运行正常，已运行: 32.2分钟
[2025-03-02 13:20:54.472439] 调度器心跳 - 系统正常运行中, 当前活跃任务数: 0
[2025-03-02 13:21:54.888383] 系统运行正常，已运行: 33.2分钟
[2025-03-02 13:21:54.974354] 调度器心跳 - 系统正常运行中, 当前活跃任务数: 0
[2025-03-02 13:22:55.379829] 系统运行正常，已运行: 34.2分钟
[2025-03-02 13:22:55.467239] 调度器心跳 - 系统正常运行中, 当前活跃任务数: 0
[2025-03-02 13:22:55.467380] 下次任务执行时间:
  - log_scheduler_heartbeat (每分钟): 2025-03-02 13:22:54 (约 0 分钟后)
  - scheduled_task (未知任务): 2025-03-02 13:48:40 (约 25 分钟后)
  - scheduled_task (未知任务): 2025-03-02 16:48:40 (约 205 分钟后)
  - scheduled_task (未知任务): 2025-03-03 03:00:00 (约 817 分钟后)
[2025-03-02 13:23:55.885860] 系统运行正常，已运行: 35.3分钟
[2025-03-02 13:23:55.966820] 调度器心跳 - 系统正常运行中, 当前活跃任务数: 0
[2025-03-02 13:24:56.367047] 系统运行正常，已运行: 36.3分钟
[2025-03-02 13:24:56.448014] 调度器心跳 - 系统正常运行中, 当前活跃任务数: 0
[2025-03-02 13:25:56.843120] 系统运行正常，已运行: 37.3分钟
[2025-03-02 13:25:56.959094] 调度器心跳 - 系统正常运行中, 当前活跃任务数: 0
[2025-03-02 13:26:57.305733] 系统运行正常，已运行: 38.3分钟
[2025-03-02 13:26:57.434619] 调度器心跳 - 系统正常运行中, 当前活跃任务数: 0
[2025-03-02 13:27:57.767262] 系统运行正常，已运行: 39.3分钟
[2025-03-02 13:27:57.932667] 调度器心跳 - 系统正常运行中, 当前活跃任务数: 0
[2025-03-02 13:28:58.241749] 系统运行正常，已运行: 40.3分钟
[2025-03-02 13:28:58.425649] 调度器心跳 - 系统正常运行中, 当前活跃任务数: 0
[2025-03-02 13:29:58.743012] 系统运行正常，已运行: 41.3分钟
[2025-03-02 13:29:58.932724] 调度器心跳 - 系统正常运行中, 当前活跃任务数: 0
[2025-03-02 13:29:58.932810] 下次任务执行时间:
  - log_scheduler_heartbeat (每分钟): 2025-03-02 13:29:58 (约 0 分钟后)
  - scheduled_task (未知任务): 2025-03-02 13:48:40 (约 18 分钟后)
  - scheduled_task (未知任务): 2025-03-02 16:48:40 (约 198 分钟后)
  - scheduled_task (未知任务): 2025-03-03 03:00:00 (约 810 分钟后)
[2025-03-02 13:30:59.209158] 系统运行正常，已运行: 42.3分钟
[2025-03-02 13:30:59.403078] 调度器心跳 - 系统正常运行中, 当前活跃任务数: 0
[2025-03-02 13:31:59.703070] 系统运行正常，已运行: 43.3分钟
[2025-03-02 13:31:59.884198] 调度器心跳 - 系统正常运行中, 当前活跃任务数: 0
[2025-03-02 13:31:59.884386] 下次任务执行时间:
  - log_scheduler_heartbeat (每分钟): 2025-03-02 13:31:59 (约 0 分钟后)
  - scheduled_task (未知任务): 2025-03-02 13:48:40 (约 16 分钟后)
  - scheduled_task (未知任务): 2025-03-02 16:48:40 (约 196 分钟后)
  - scheduled_task (未知任务): 2025-03-03 03:00:00 (约 808 分钟后)
[2025-03-02 13:33:00.165324] 系统运行正常，已运行: 44.3分钟
[2025-03-02 13:33:00.369736] 调度器心跳 - 系统正常运行中, 当前活跃任务数: 0
[2025-03-02 13:33:00.369909] 下次任务执行时间:
  - log_scheduler_heartbeat (每分钟): 2025-03-02 13:32:59 (约 0 分钟后)
  - scheduled_task (未知任务): 2025-03-02 13:48:40 (约 15 分钟后)
  - scheduled_task (未知任务): 2025-03-02 16:48:40 (约 195 分钟后)
  - scheduled_task (未知任务): 2025-03-03 03:00:00 (约 806 分钟后)
[2025-03-02 13:34:00.669639] 系统运行正常，已运行: 45.3分钟
[2025-03-02 13:34:00.869630] 调度器心跳 - 系统正常运行中, 当前活跃任务数: 0
[2025-03-02 13:35:01.159467] 系统运行正常，已运行: 46.3分钟
[2025-03-02 13:35:01.366560] 调度器心跳 - 系统正常运行中, 当前活跃任务数: 0
[2025-03-02 13:36:01.626083] 系统运行正常，已运行: 47.4分钟
[2025-03-02 13:36:01.825256] 调度器心跳 - 系统正常运行中, 当前活跃任务数: 0
[2025-03-02 13:37:02.138663] 系统运行正常，已运行: 48.4分钟
[2025-03-02 13:37:02.322345] 调度器心跳 - 系统正常运行中, 当前活跃任务数: 0
[2025-03-02 13:38:02.650127] 系统运行正常，已运行: 49.4分钟
[2025-03-02 13:38:02.841917] 调度器心跳 - 系统正常运行中, 当前活跃任务数: 0
[2025-03-02 13:39:03.115397] 系统运行正常，已运行: 50.4分钟
[2025-03-02 13:39:03.357642] 调度器心跳 - 系统正常运行中, 当前活跃任务数: 0
[2025-03-02 13:40:03.624099] 系统运行正常，已运行: 51.4分钟
[2025-03-02 13:40:03.839061] 调度器心跳 - 系统正常运行中, 当前活跃任务数: 0
[2025-03-02 13:41:04.106427] 系统运行正常，已运行: 52.4分钟
[2025-03-02 13:41:04.364191] 调度器心跳 - 系统正常运行中, 当前活跃任务数: 0
[2025-03-02 13:42:04.597609] 系统运行正常，已运行: 53.4分钟
[2025-03-02 13:42:04.858198] 调度器心跳 - 系统正常运行中, 当前活跃任务数: 0
[2025-03-02 13:43:05.080791] 系统运行正常，已运行: 54.4分钟
[2025-03-02 13:43:05.356946] 调度器心跳 - 系统正常运行中, 当前活跃任务数: 0
[2025-03-02 13:44:05.576224] 系统运行正常，已运行: 55.4分钟
[2025-03-02 13:44:05.847421] 调度器心跳 - 系统正常运行中, 当前活跃任务数: 0
[2025-03-02 13:45:06.080396] 系统运行正常，已运行: 56.4分钟
[2025-03-02 13:45:06.331339] 调度器心跳 - 系统正常运行中, 当前活跃任务数: 0
[2025-03-02 13:46:06.553568] 系统运行正常，已运行: 57.4分钟
[2025-03-02 13:46:06.824043] 调度器心跳 - 系统正常运行中, 当前活跃任务数: 0
[2025-03-02 13:47:07.045582] 系统运行正常，已运行: 58.4分钟
[2025-03-02 13:47:07.307563] 调度器心跳 - 系统正常运行中, 当前活跃任务数: 0
[2025-03-02 13:48:07.556727] 系统运行正常，已运行: 59.4分钟
[2025-03-02 13:48:07.805213] 调度器心跳 - 系统正常运行中, 当前活跃任务数: 0
[2025-03-02 13:48:41.084246] 开始执行任务: 热门内容更新, 预计耗时: 14秒
[2025-03-02 13:48:41.085425] 任务进度 - 热门内容更新: 0% 完成
[2025-03-02 13:48:42.494756] 任务进度 - 热门内容更新: 10% 完成
[2025-03-02 13:48:43.903645] 任务进度 - 热门内容更新: 20% 完成
[2025-03-02 13:48:45.306137] 任务进度 - 热门内容更新: 30% 完成
[2025-03-02 13:48:46.716129] 任务进度 - 热门内容更新: 40% 完成
[2025-03-02 13:48:48.125092] 任务进度 - 热门内容更新: 50% 完成
[2025-03-02 13:48:49.534658] 任务进度 - 热门内容更新: 60% 完成
[2025-03-02 13:48:50.945610] 任务进度 - 热门内容更新: 70% 完成
[2025-03-02 13:48:52.353181] 任务进度 - 热门内容更新: 80% 完成
[2025-03-02 13:48:53.762240] 任务进度 - 热门内容更新: 90% 完成
[2025-03-02 13:48:55.171821] 任务进度 - 热门内容更新: 100% 完成
[2025-03-02 13:48:55.171955] 任务完成: 热门内容更新, 实际耗时: 14秒
[2025-03-02 13:49:08.022348] 系统运行正常，已运行: 60.5分钟
[2025-03-02 13:49:08.280353] 调度器心跳 - 系统正常运行中, 当前活跃任务数: 1
  - 活跃任务: Task:热门内容更新:1740894521, 运行时间: True
[2025-03-02 13:50:08.523552] 系统运行正常，已运行: 61.5分钟
[2025-03-02 13:50:08.733334] 调度器心跳 - 系统正常运行中, 当前活跃任务数: 1
  - 活跃任务: Task:热门内容更新:1740894521, 运行时间: True
[2025-03-02 13:51:09.012980] 系统运行正常，已运行: 62.5分钟
[2025-03-02 13:51:09.232756] 调度器心跳 - 系统正常运行中, 当前活跃任务数: 1
  - 活跃任务: Task:热门内容更新:1740894521, 运行时间: True
[2025-03-02 13:52:09.481950] 系统运行正常，已运行: 63.5分钟
[2025-03-02 13:52:09.739315] 调度器心跳 - 系统正常运行中, 当前活跃任务数: 1
  - 活跃任务: Task:热门内容更新:1740894521, 运行时间: True
[2025-03-02 13:53:10.001752] 系统运行正常，已运行: 64.5分钟
[2025-03-02 13:53:10.253627] 调度器心跳 - 系统正常运行中, 当前活跃任务数: 1
  - 活跃任务: Task:热门内容更新:1740894521, 运行时间: True
[2025-03-02 13:54:10.484579] 系统运行正常，已运行: 65.5分钟
[2025-03-02 13:54:10.723433] 调度器心跳 - 系统正常运行中, 当前活跃任务数: 1
  - 活跃任务: Task:热门内容更新:1740894521, 运行时间: True
[2025-03-02 13:55:10.990542] 系统运行正常，已运行: 66.5分钟
[2025-03-02 13:55:11.200093] 调度器心跳 - 系统正常运行中, 当前活跃任务数: 1
  - 活跃任务: Task:热门内容更新:1740894521, 运行时间: True
[2025-03-02 13:55:11.200244] 下次任务执行时间:
  - log_scheduler_heartbeat (每分钟): 2025-03-02 13:55:10 (约 0 分钟后)
  - scheduled_task (未知任务): 2025-03-02 14:48:55 (约 53 分钟后)
  - scheduled_task (未知任务): 2025-03-02 16:48:40 (约 173 分钟后)
  - scheduled_task (未知任务): 2025-03-03 03:00:00 (约 784 分钟后)
[2025-03-02 13:56:11.494613] 系统运行正常，已运行: 67.5分钟
[2025-03-02 13:56:11.680629] 调度器心跳 - 系统正常运行中, 当前活跃任务数: 1
  - 活跃任务: Task:热门内容更新:1740894521, 运行时间: True
[2025-03-02 13:57:12.000401] 系统运行正常，已运行: 68.5分钟
[2025-03-02 13:57:12.162730] 调度器心跳 - 系统正常运行中, 当前活跃任务数: 1
  - 活跃任务: Task:热门内容更新:1740894521, 运行时间: True
[2025-03-02 13:57:12.162904] 下次任务执行时间:
  - log_scheduler_heartbeat (每分钟): 2025-03-02 13:57:11 (约 0 分钟后)
  - scheduled_task (未知任务): 2025-03-02 14:48:55 (约 51 分钟后)
  - scheduled_task (未知任务): 2025-03-02 16:48:40 (约 171 分钟后)
  - scheduled_task (未知任务): 2025-03-03 03:00:00 (约 782 分钟后)
[2025-03-02 13:58:12.481004] 系统运行正常，已运行: 69.5分钟
[2025-03-02 13:58:12.657940] 调度器心跳 - 系统正常运行中, 当前活跃任务数: 1
  - 活跃任务: Task:热门内容更新:1740894521, 运行时间: True
[2025-03-02 13:59:12.994068] 系统运行正常，已运行: 70.5分钟
[2025-03-02 13:59:13.162749] 调度器心跳 - 系统正常运行中, 当前活跃任务数: 1
  - 活跃任务: Task:热门内容更新:1740894521, 运行时间: True
[2025-03-02 14:00:13.498377] 系统运行正常，已运行: 71.5分钟
[2025-03-02 14:00:13.673266] 调度器心跳 - 系统正常运行中, 当前活跃任务数: 1
  - 活跃任务: Task:热门内容更新:1740894521, 运行时间: True
[2025-03-02 14:01:14.016632] 系统运行正常，已运行: 72.6分钟
[2025-03-02 14:01:14.178643] 调度器心跳 - 系统正常运行中, 当前活跃任务数: 1
  - 活跃任务: Task:热门内容更新:1740894521, 运行时间: True
[2025-03-02 14:02:14.510374] 系统运行正常，已运行: 73.6分钟
[2025-03-02 14:02:14.690572] 调度器心跳 - 系统正常运行中, 当前活跃任务数: 1
  - 活跃任务: Task:热门内容更新:1740894521, 运行时间: True
[2025-03-02 14:03:15.006278] 系统运行正常，已运行: 74.6分钟
[2025-03-02 14:03:15.163255] 调度器心跳 - 系统正常运行中, 当前活跃任务数: 1
  - 活跃任务: Task:热门内容更新:1740894521, 运行时间: True
[2025-03-02 14:04:15.479553] 系统运行正常，已运行: 75.6分钟
[2025-03-02 14:04:15.660968] 调度器心跳 - 系统正常运行中, 当前活跃任务数: 1
  - 活跃任务: Task:热门内容更新:1740894521, 运行时间: True
[2025-03-02 14:04:15.661221] 下次任务执行时间:
  - log_scheduler_heartbeat (每分钟): 2025-03-02 14:04:15 (约 0 分钟后)
  - scheduled_task (未知任务): 2025-03-02 14:48:55 (约 44 分钟后)
  - scheduled_task (未知任务): 2025-03-02 16:48:40 (约 164 分钟后)
  - scheduled_task (未知任务): 2025-03-03 03:00:00 (约 775 分钟后)
[2025-03-02 14:05:15.970754] 系统运行正常，已运行: 76.6分钟
[2025-03-02 14:05:16.170607] 调度器心跳 - 系统正常运行中, 当前活跃任务数: 1
  - 活跃任务: Task:热门内容更新:1740894521, 运行时间: True
[2025-03-02 14:06:16.435492] 系统运行正常，已运行: 77.6分钟
[2025-03-02 14:06:16.678465] 调度器心跳 - 系统正常运行中, 当前活跃任务数: 1
  - 活跃任务: Task:热门内容更新:1740894521, 运行时间: True
[2025-03-02 14:06:16.678579] 下次任务执行时间:
  - log_scheduler_heartbeat (每分钟): 2025-03-02 14:06:16 (约 0 分钟后)
  - scheduled_task (未知任务): 2025-03-02 14:48:55 (约 42 分钟后)
  - scheduled_task (未知任务): 2025-03-02 16:48:40 (约 162 分钟后)
  - scheduled_task (未知任务): 2025-03-03 03:00:00 (约 773 分钟后)
[2025-03-02 14:07:16.934869] 系统运行正常，已运行: 78.6分钟
[2025-03-02 14:07:17.161348] 调度器心跳 - 系统正常运行中, 当前活跃任务数: 1
  - 活跃任务: Task:热门内容更新:1740894521, 运行时间: True
[2025-03-02 14:08:17.445566] 系统运行正常，已运行: 79.6分钟
[2025-03-02 14:08:17.640798] 调度器心跳 - 系统正常运行中, 当前活跃任务数: 1
  - 活跃任务: Task:热门内容更新:1740894521, 运行时间: True
[2025-03-02 14:08:17.640920] 下次任务执行时间:
  - log_scheduler_heartbeat (每分钟): 2025-03-02 14:08:17 (约 0 分钟后)
  - scheduled_task (未知任务): 2025-03-02 14:48:55 (约 40 分钟后)
  - scheduled_task (未知任务): 2025-03-02 16:48:40 (约 160 分钟后)
  - scheduled_task (未知任务): 2025-03-03 03:00:00 (约 771 分钟后)
[2025-03-02 14:09:17.964684] 系统运行正常，已运行: 80.6分钟
[2025-03-02 14:09:18.139315] 调度器心跳 - 系统正常运行中, 当前活跃任务数: 1
  - 活跃任务: Task:热门内容更新:1740894521, 运行时间: True
[2025-03-02 14:09:18.139440] 下次任务执行时间:
  - log_scheduler_heartbeat (每分钟): 2025-03-02 14:09:17 (约 0 分钟后)
  - scheduled_task (未知任务): 2025-03-02 14:48:55 (约 39 分钟后)
  - scheduled_task (未知任务): 2025-03-02 16:48:40 (约 159 分钟后)
  - scheduled_task (未知任务): 2025-03-03 03:00:00 (约 770 分钟后)
[2025-03-02 14:10:18.450612] 系统运行正常，已运行: 81.6分钟
[2025-03-02 14:10:18.641450] 调度器心跳 - 系统正常运行中, 当前活跃任务数: 1
  - 活跃任务: Task:热门内容更新:1740894521, 运行时间: True
[2025-03-02 14:10:18.641525] 下次任务执行时间:
  - log_scheduler_heartbeat (每分钟): 2025-03-02 14:10:18 (约 0 分钟后)
  - scheduled_task (未知任务): 2025-03-02 14:48:55 (约 38 分钟后)
  - scheduled_task (未知任务): 2025-03-02 16:48:40 (约 158 分钟后)
  - scheduled_task (未知任务): 2025-03-03 03:00:00 (约 769 分钟后)
[2025-03-02 14:11:18.958694] 系统运行正常，已运行: 82.6分钟
[2025-03-02 14:11:19.130128] 调度器心跳 - 系统正常运行中, 当前活跃任务数: 1
  - 活跃任务: Task:热门内容更新:1740894521, 运行时间: True
[2025-03-02 14:12:19.451516] 系统运行正常，已运行: 83.6分钟
[2025-03-02 14:12:19.603793] 调度器心跳 - 系统正常运行中, 当前活跃任务数: 1
  - 活跃任务: Task:热门内容更新:1740894521, 运行时间: True
[2025-03-02 14:13:19.952282] 系统运行正常，已运行: 84.7分钟
[2025-03-02 14:13:20.089452] 调度器心跳 - 系统正常运行中, 当前活跃任务数: 1
  - 活跃任务: Task:热门内容更新:1740894521, 运行时间: True
[2025-03-02 14:14:20.459302] 系统运行正常，已运行: 85.7分钟
[2025-03-02 14:14:20.619412] 调度器心跳 - 系统正常运行中, 当前活跃任务数: 1
  - 活跃任务: Task:热门内容更新:1740894521, 运行时间: True
[2025-03-02 14:15:20.934223] 系统运行正常，已运行: 86.7分钟
[2025-03-02 14:15:21.107191] 调度器心跳 - 系统正常运行中, 当前活跃任务数: 1
  - 活跃任务: Task:热门内容更新:1740894521, 运行时间: True
[2025-03-02 14:16:21.438162] 系统运行正常，已运行: 87.7分钟
[2025-03-02 14:16:21.596835] 调度器心跳 - 系统正常运行中, 当前活跃任务数: 1
  - 活跃任务: Task:热门内容更新:1740894521, 运行时间: True
[2025-03-02 14:17:21.928046] 系统运行正常，已运行: 88.7分钟
[2025-03-02 14:17:22.067759] 调度器心跳 - 系统正常运行中, 当前活跃任务数: 1
  - 活跃任务: Task:热门内容更新:1740894521, 运行时间: True
[2025-03-02 14:18:22.406131] 系统运行正常，已运行: 89.7分钟
[2025-03-02 14:18:22.560066] 调度器心跳 - 系统正常运行中, 当前活跃任务数: 1
  - 活跃任务: Task:热门内容更新:1740894521, 运行时间: True
[2025-03-02 14:19:22.896069] 系统运行正常，已运行: 90.7分钟
[2025-03-02 14:19:23.061270] 调度器心跳 - 系统正常运行中, 当前活跃任务数: 1
  - 活跃任务: Task:热门内容更新:1740894521, 运行时间: True
[2025-03-02 14:20:23.375912] 系统运行正常，已运行: 91.7分钟
[2025-03-02 14:20:23.556085] 调度器心跳 - 系统正常运行中, 当前活跃任务数: 1
  - 活跃任务: Task:热门内容更新:1740894521, 运行时间: True
[2025-03-02 14:20:23.556681] 下次任务执行时间:
  - log_scheduler_heartbeat (每分钟): 2025-03-02 14:20:23 (约 0 分钟后)
  - scheduled_task (未知任务): 2025-03-02 14:48:55 (约 28 分钟后)
  - scheduled_task (未知任务): 2025-03-02 16:48:40 (约 148 分钟后)
  - scheduled_task (未知任务): 2025-03-03 03:00:00 (约 759 分钟后)
[2025-03-02 14:21:23.843629] 系统运行正常，已运行: 92.7分钟
[2025-03-02 14:21:24.027140] 调度器心跳 - 系统正常运行中, 当前活跃任务数: 1
  - 活跃任务: Task:热门内容更新:1740894521, 运行时间: True
[2025-03-02 14:22:24.351539] 系统运行正常，已运行: 93.7分钟
[2025-03-02 14:22:24.510260] 调度器心跳 - 系统正常运行中, 当前活跃任务数: 1
  - 活跃任务: Task:热门内容更新:1740894521, 运行时间: True
[2025-03-02 14:23:24.851515] 系统运行正常，已运行: 94.7分钟
[2025-03-02 14:23:25.031043] 调度器心跳 - 系统正常运行中, 当前活跃任务数: 1
  - 活跃任务: Task:热门内容更新:1740894521, 运行时间: True
[2025-03-02 14:24:25.339018] 系统运行正常，已运行: 95.7分钟
[2025-03-02 14:24:25.525385] 调度器心跳 - 系统正常运行中, 当前活跃任务数: 1
  - 活跃任务: Task:热门内容更新:1740894521, 运行时间: True
[2025-03-02 14:25:25.812306] 系统运行正常，已运行: 96.8分钟
[2025-03-02 14:25:26.002860] 调度器心跳 - 系统正常运行中, 当前活跃任务数: 1
  - 活跃任务: Task:热门内容更新:1740894521, 运行时间: True
[2025-03-02 14:25:26.003011] 下次任务执行时间:
  - log_scheduler_heartbeat (每分钟): 2025-03-02 14:25:25 (约 0 分钟后)
  - scheduled_task (未知任务): 2025-03-02 14:48:55 (约 23 分钟后)
  - scheduled_task (未知任务): 2025-03-02 16:48:40 (约 143 分钟后)
  - scheduled_task (未知任务): 2025-03-03 03:00:00 (约 754 分钟后)
[2025-03-02 14:26:26.312411] 系统运行正常，已运行: 97.8分钟
[2025-03-02 14:26:26.500289] 调度器心跳 - 系统正常运行中, 当前活跃任务数: 1
  - 活跃任务: Task:热门内容更新:1740894521, 运行时间: True
[2025-03-02 14:27:26.799011] 系统运行正常，已运行: 98.8分钟
[2025-03-02 14:27:27.000370] 调度器心跳 - 系统正常运行中, 当前活跃任务数: 1
  - 活跃任务: Task:热门内容更新:1740894521, 运行时间: True
[2025-03-02 14:28:27.316633] 系统运行正常，已运行: 99.8分钟
[2025-03-02 14:28:27.504861] 调度器心跳 - 系统正常运行中, 当前活跃任务数: 1
  - 活跃任务: Task:热门内容更新:1740894521, 运行时间: True
[2025-03-02 14:29:27.818395] 系统运行正常，已运行: 100.8分钟
[2025-03-02 14:29:27.999346] 调度器心跳 - 系统正常运行中, 当前活跃任务数: 1
  - 活跃任务: Task:热门内容更新:1740894521, 运行时间: True
[2025-03-02 14:30:28.310325] 系统运行正常，已运行: 101.8分钟
[2025-03-02 14:30:28.491616] 调度器心跳 - 系统正常运行中, 当前活跃任务数: 1
  - 活跃任务: Task:热门内容更新:1740894521, 运行时间: True
[2025-03-02 14:31:28.810325] 系统运行正常，已运行: 102.8分钟
[2025-03-02 14:31:28.975926] 调度器心跳 - 系统正常运行中, 当前活跃任务数: 1
  - 活跃任务: Task:热门内容更新:1740894521, 运行时间: True
[2025-03-02 14:32:29.290606] 系统运行正常，已运行: 103.8分钟
[2025-03-02 14:32:29.480763] 调度器心跳 - 系统正常运行中, 当前活跃任务数: 1
  - 活跃任务: Task:热门内容更新:1740894521, 运行时间: True
[2025-03-02 14:33:29.770046] 系统运行正常，已运行: 104.8分钟
[2025-03-02 14:33:29.982498] 调度器心跳 - 系统正常运行中, 当前活跃任务数: 1
  - 活跃任务: Task:热门内容更新:1740894521, 运行时间: True
[2025-03-02 14:34:30.241519] 系统运行正常，已运行: 105.8分钟
[2025-03-02 14:34:30.497207] 调度器心跳 - 系统正常运行中, 当前活跃任务数: 1
  - 活跃任务: Task:热门内容更新:1740894521, 运行时间: True
[2025-03-02 14:35:30.721552] 系统运行正常，已运行: 106.8分钟
[2025-03-02 14:35:31.007878] 调度器心跳 - 系统正常运行中, 当前活跃任务数: 1
  - 活跃任务: Task:热门内容更新:1740894521, 运行时间: True
[2025-03-02 14:35:31.008198] 下次任务执行时间:
  - log_scheduler_heartbeat (每分钟): 2025-03-02 14:35:30 (约 0 分钟后)
  - scheduled_task (未知任务): 2025-03-02 14:48:55 (约 13 分钟后)
  - scheduled_task (未知任务): 2025-03-02 16:48:40 (约 133 分钟后)
  - scheduled_task (未知任务): 2025-03-03 03:00:00 (约 744 分钟后)
[2025-03-02 14:36:31.194104] 系统运行正常，已运行: 107.8分钟
[2025-03-02 14:36:31.495773] 调度器心跳 - 系统正常运行中, 当前活跃任务数: 1
  - 活跃任务: Task:热门内容更新:1740894521, 运行时间: True
[2025-03-02 14:37:31.716893] 系统运行正常，已运行: 108.9分钟
[2025-03-02 14:37:31.974880] 调度器心跳 - 系统正常运行中, 当前活跃任务数: 1
  - 活跃任务: Task:热门内容更新:1740894521, 运行时间: True
[2025-03-02 14:38:32.205627] 系统运行正常，已运行: 109.9分钟
[2025-03-02 14:38:32.439862] 调度器心跳 - 系统正常运行中, 当前活跃任务数: 1
  - 活跃任务: Task:热门内容更新:1740894521, 运行时间: True
[2025-03-02 14:39:32.672410] 系统运行正常，已运行: 110.9分钟
[2025-03-02 14:39:32.920501] 调度器心跳 - 系统正常运行中, 当前活跃任务数: 1
  - 活跃任务: Task:热门内容更新:1740894521, 运行时间: True
[2025-03-02 14:40:33.158135] 系统运行正常，已运行: 111.9分钟
[2025-03-02 14:40:33.423495] 调度器心跳 - 系统正常运行中, 当前活跃任务数: 1
  - 活跃任务: Task:热门内容更新:1740894521, 运行时间: True
[2025-03-02 14:40:33.423626] 下次任务执行时间:
  - log_scheduler_heartbeat (每分钟): 2025-03-02 14:40:32 (约 0 分钟后)
  - scheduled_task (未知任务): 2025-03-02 14:48:55 (约 8 分钟后)
  - scheduled_task (未知任务): 2025-03-02 16:48:40 (约 128 分钟后)
  - scheduled_task (未知任务): 2025-03-03 03:00:00 (约 739 分钟后)
[2025-03-02 14:41:33.641172] 系统运行正常，已运行: 112.9分钟
[2025-03-02 14:41:33.926181] 调度器心跳 - 系统正常运行中, 当前活跃任务数: 1
  - 活跃任务: Task:热门内容更新:1740894521, 运行时间: True
[2025-03-02 14:42:34.143598] 系统运行正常，已运行: 113.9分钟
[2025-03-02 14:42:34.425535] 调度器心跳 - 系统正常运行中, 当前活跃任务数: 1
  - 活跃任务: Task:热门内容更新:1740894521, 运行时间: True
[2025-03-02 14:43:34.634137] 系统运行正常，已运行: 114.9分钟
[2025-03-02 14:43:34.918252] 调度器心跳 - 系统正常运行中, 当前活跃任务数: 1
  - 活跃任务: Task:热门内容更新:1740894521, 运行时间: True
[2025-03-02 14:43:34.918451] 下次任务执行时间:
  - log_scheduler_heartbeat (每分钟): 2025-03-02 14:43:34 (约 0 分钟后)
  - scheduled_task (未知任务): 2025-03-02 14:48:55 (约 5 分钟后)
  - scheduled_task (未知任务): 2025-03-02 16:48:40 (约 125 分钟后)
  - scheduled_task (未知任务): 2025-03-03 03:00:00 (约 736 分钟后)
[2025-03-02 14:44:35.110083] 系统运行正常，已运行: 115.9分钟
[2025-03-02 14:44:35.428605] 调度器心跳 - 系统正常运行中, 当前活跃任务数: 1
  - 活跃任务: Task:热门内容更新:1740894521, 运行时间: True
[2025-03-02 14:45:35.609146] 系统运行正常，已运行: 116.9分钟
[2025-03-02 14:45:35.920288] 调度器心跳 - 系统正常运行中, 当前活跃任务数: 1
  - 活跃任务: Task:热门内容更新:1740894521, 运行时间: True
[2025-03-02 14:46:36.112517] 系统运行正常，已运行: 117.9分钟
[2025-03-02 14:46:36.405974] 调度器心跳 - 系统正常运行中, 当前活跃任务数: 1
  - 活跃任务: Task:热门内容更新:1740894521, 运行时间: True
[2025-03-02 14:47:36.614983] 系统运行正常，已运行: 118.9分钟
[2025-03-02 14:47:36.917842] 调度器心跳 - 系统正常运行中, 当前活跃任务数: 1
  - 活跃任务: Task:热门内容更新:1740894521, 运行时间: True
[2025-03-02 14:48:37.127531] 系统运行正常，已运行: 119.9分钟
[2025-03-02 14:48:37.411447] 调度器心跳 - 系统正常运行中, 当前活跃任务数: 1
  - 活跃任务: Task:热门内容更新:1740894521, 运行时间: True
[2025-03-02 14:48:55.568128] 开始执行任务: 热门内容更新, 预计耗时: 14秒
[2025-03-02 14:48:55.568877] 任务进度 - 热门内容更新: 0% 完成
[2025-03-02 14:48:56.973447] 任务进度 - 热门内容更新: 10% 完成
[2025-03-02 14:48:58.380987] 任务进度 - 热门内容更新: 20% 完成
[2025-03-02 14:48:59.790124] 任务进度 - 热门内容更新: 30% 完成
[2025-03-02 14:49:01.197641] 任务进度 - 热门内容更新: 40% 完成
[2025-03-02 14:49:02.607352] 任务进度 - 热门内容更新: 50% 完成
[2025-03-02 14:49:04.009114] 任务进度 - 热门内容更新: 60% 完成
[2025-03-02 14:49:05.418511] 任务进度 - 热门内容更新: 70% 完成
[2025-03-02 14:49:06.827804] 任务进度 - 热门内容更新: 80% 完成
[2025-03-02 14:49:08.237882] 任务进度 - 热门内容更新: 90% 完成
[2025-03-02 14:49:09.643899] 任务进度 - 热门内容更新: 100% 完成
[2025-03-02 14:49:09.643962] 任务完成: 热门内容更新, 实际耗时: 14秒
[2025-03-02 14:49:37.622265] 系统运行正常，已运行: 121.0分钟
[2025-03-02 14:49:37.871878] 调度器心跳 - 系统正常运行中, 当前活跃任务数: 1
  - 活跃任务: Task:热门内容更新:1740898135, 运行时间: True
[2025-03-02 14:50:38.086387] 系统运行正常，已运行: 122.0分钟
[2025-03-02 14:50:38.354176] 调度器心跳 - 系统正常运行中, 当前活跃任务数: 1
  - 活跃任务: Task:热门内容更新:1740898135, 运行时间: True
[2025-03-02 14:50:38.354304] 下次任务执行时间:
  - log_scheduler_heartbeat (每分钟): 2025-03-02 14:50:37 (约 0 分钟后)
  - scheduled_task (未知任务): 2025-03-02 15:49:09 (约 58 分钟后)
  - scheduled_task (未知任务): 2025-03-02 16:48:40 (约 118 分钟后)
  - scheduled_task (未知任务): 2025-03-03 03:00:00 (约 729 分钟后)
[2025-03-02 14:51:38.588877] 系统运行正常，已运行: 123.0分钟
[2025-03-02 14:51:38.865088] 调度器心跳 - 系统正常运行中, 当前活跃任务数: 1
  - 活跃任务: Task:热门内容更新:1740898135, 运行时间: True
[2025-03-02 14:52:39.079967] 系统运行正常，已运行: 124.0分钟
[2025-03-02 14:52:39.329448] 调度器心跳 - 系统正常运行中, 当前活跃任务数: 1
  - 活跃任务: Task:热门内容更新:1740898135, 运行时间: True
[2025-03-02 14:53:39.570504] 系统运行正常，已运行: 125.0分钟
[2025-03-02 14:53:39.817856] 调度器心跳 - 系统正常运行中, 当前活跃任务数: 1
  - 活跃任务: Task:热门内容更新:1740898135, 运行时间: True
[2025-03-02 14:54:40.072054] 系统运行正常，已运行: 126.0分钟
[2025-03-02 14:54:40.289393] 调度器心跳 - 系统正常运行中, 当前活跃任务数: 1
  - 活跃任务: Task:热门内容更新:1740898135, 运行时间: True
[2025-03-02 14:55:40.576304] 系统运行正常，已运行: 127.0分钟
[2025-03-02 14:55:40.775364] 调度器心跳 - 系统正常运行中, 当前活跃任务数: 1
  - 活跃任务: Task:热门内容更新:1740898135, 运行时间: True
[2025-03-02 14:55:40.775442] 下次任务执行时间:
  - log_scheduler_heartbeat (每分钟): 2025-03-02 14:55:40 (约 0 分钟后)
  - scheduled_task (未知任务): 2025-03-02 15:49:09 (约 53 分钟后)
  - scheduled_task (未知任务): 2025-03-02 16:48:40 (约 112 分钟后)
  - scheduled_task (未知任务): 2025-03-03 03:00:00 (约 724 分钟后)
[2025-03-02 14:56:41.089698] 系统运行正常，已运行: 128.0分钟
[2025-03-02 14:56:41.319767] 调度器心跳 - 系统正常运行中, 当前活跃任务数: 1
  - 活跃任务: Task:热门内容更新:1740898135, 运行时间: True
[2025-03-02 14:57:41.599044] 系统运行正常，已运行: 129.0分钟
[2025-03-02 14:57:41.805983] 调度器心跳 - 系统正常运行中, 当前活跃任务数: 1
  - 活跃任务: Task:热门内容更新:1740898135, 运行时间: True
[2025-03-02 14:57:41.806091] 下次任务执行时间:
  - log_scheduler_heartbeat (每分钟): 2025-03-02 14:57:41 (约 0 分钟后)
  - scheduled_task (未知任务): 2025-03-02 15:49:09 (约 51 分钟后)
  - scheduled_task (未知任务): 2025-03-02 16:48:40 (约 110 分钟后)
  - scheduled_task (未知任务): 2025-03-03 03:00:00 (约 722 分钟后)
[2025-03-02 14:58:42.087785] 系统运行正常，已运行: 130.0分钟
[2025-03-02 14:58:42.303842] 调度器心跳 - 系统正常运行中, 当前活跃任务数: 1
  - 活跃任务: Task:热门内容更新:1740898135, 运行时间: True
[2025-03-02 14:59:42.566253] 系统运行正常，已运行: 131.0分钟
[2025-03-02 14:59:42.798541] 调度器心跳 - 系统正常运行中, 当前活跃任务数: 1
  - 活跃任务: Task:热门内容更新:1740898135, 运行时间: True
[2025-03-02 14:59:42.798676] 下次任务执行时间:
  - log_scheduler_heartbeat (每分钟): 2025-03-02 14:59:42 (约 0 分钟后)
  - scheduled_task (未知任务): 2025-03-02 15:49:09 (约 49 分钟后)
  - scheduled_task (未知任务): 2025-03-02 16:48:40 (约 108 分钟后)
  - scheduled_task (未知任务): 2025-03-03 03:00:00 (约 720 分钟后)
[2025-03-02 15:00:43.047431] 系统运行正常，已运行: 132.0分钟
[2025-03-02 15:00:43.289095] 调度器心跳 - 系统正常运行中, 当前活跃任务数: 1
  - 活跃任务: Task:热门内容更新:1740898135, 运行时间: True
[2025-03-02 15:01:43.544628] 系统运行正常，已运行: 133.0分钟
[2025-03-02 15:01:43.806781] 调度器心跳 - 系统正常运行中, 当前活跃任务数: 1
  - 活跃任务: Task:热门内容更新:1740898135, 运行时间: True
[2025-03-02 15:02:44.015989] 系统运行正常，已运行: 134.1分钟
[2025-03-02 15:02:44.283516] 调度器心跳 - 系统正常运行中, 当前活跃任务数: 1
  - 活跃任务: Task:热门内容更新:1740898135, 运行时间: True
[2025-03-02 15:02:44.283672] 下次任务执行时间:
  - log_scheduler_heartbeat (每分钟): 2025-03-02 15:02:43 (约 0 分钟后)
  - scheduled_task (未知任务): 2025-03-02 15:49:09 (约 46 分钟后)
  - scheduled_task (未知任务): 2025-03-02 16:48:40 (约 105 分钟后)
  - scheduled_task (未知任务): 2025-03-03 03:00:00 (约 717 分钟后)
[2025-03-02 15:03:44.515432] 系统运行正常，已运行: 135.1分钟
[2025-03-02 15:03:44.774610] 调度器心跳 - 系统正常运行中, 当前活跃任务数: 1
  - 活跃任务: Task:热门内容更新:1740898135, 运行时间: True
[2025-03-02 15:04:44.962276] 系统运行正常，已运行: 136.1分钟
[2025-03-02 15:04:45.271240] 调度器心跳 - 系统正常运行中, 当前活跃任务数: 1
  - 活跃任务: Task:热门内容更新:1740898135, 运行时间: True
[2025-03-02 15:05:45.447418] 系统运行正常，已运行: 137.1分钟
[2025-03-02 15:05:45.770554] 调度器心跳 - 系统正常运行中, 当前活跃任务数: 1
  - 活跃任务: Task:热门内容更新:1740898135, 运行时间: True
[2025-03-02 15:06:45.939134] 系统运行正常，已运行: 138.1分钟
[2025-03-02 15:06:46.256887] 调度器心跳 - 系统正常运行中, 当前活跃任务数: 1
  - 活跃任务: Task:热门内容更新:1740898135, 运行时间: True
[2025-03-02 15:06:46.256932] 下次任务执行时间:
  - log_scheduler_heartbeat (每分钟): 2025-03-02 15:06:45 (约 0 分钟后)
  - scheduled_task (未知任务): 2025-03-02 15:49:09 (约 42 分钟后)
  - scheduled_task (未知任务): 2025-03-02 16:48:40 (约 101 分钟后)
  - scheduled_task (未知任务): 2025-03-03 03:00:00 (约 713 分钟后)
[2025-03-02 15:07:46.447521] 系统运行正常，已运行: 139.1分钟
[2025-03-02 15:07:46.760102] 调度器心跳 - 系统正常运行中, 当前活跃任务数: 1
  - 活跃任务: Task:热门内容更新:1740898135, 运行时间: True
[2025-03-02 15:08:46.956155] 系统运行正常，已运行: 140.1分钟
[2025-03-02 15:08:47.273656] 调度器心跳 - 系统正常运行中, 当前活跃任务数: 1
  - 活跃任务: Task:热门内容更新:1740898135, 运行时间: True
[2025-03-02 15:09:47.408795] 系统运行正常，已运行: 141.1分钟
[2025-03-02 15:09:47.761649] 调度器心跳 - 系统正常运行中, 当前活跃任务数: 1
  - 活跃任务: Task:热门内容更新:1740898135, 运行时间: True
[2025-03-02 15:10:47.922392] 系统运行正常，已运行: 142.1分钟
[2025-03-02 15:10:48.242145] 调度器心跳 - 系统正常运行中, 当前活跃任务数: 1
  - 活跃任务: Task:热门内容更新:1740898135, 运行时间: True
[2025-03-02 15:11:48.435889] 系统运行正常，已运行: 143.1分钟
[2025-03-02 15:11:48.738255] 调度器心跳 - 系统正常运行中, 当前活跃任务数: 1
  - 活跃任务: Task:热门内容更新:1740898135, 运行时间: True
[2025-03-02 15:12:48.936631] 系统运行正常，已运行: 144.1分钟
[2025-03-02 15:12:49.226460] 调度器心跳 - 系统正常运行中, 当前活跃任务数: 1
  - 活跃任务: Task:热门内容更新:1740898135, 运行时间: True
[2025-03-02 15:12:49.227785] 下次任务执行时间:
  - log_scheduler_heartbeat (每分钟): 2025-03-02 15:12:48 (约 0 分钟后)
  - scheduled_task (未知任务): 2025-03-02 15:49:09 (约 36 分钟后)
  - scheduled_task (未知任务): 2025-03-02 16:48:40 (约 95 分钟后)
  - scheduled_task (未知任务): 2025-03-03 03:00:00 (约 707 分钟后)
[2025-03-02 15:13:49.433528] 系统运行正常，已运行: 145.1分钟
[2025-03-02 15:13:49.703115] 调度器心跳 - 系统正常运行中, 当前活跃任务数: 1
  - 活跃任务: Task:热门内容更新:1740898135, 运行时间: True
[2025-03-02 15:13:49.703284] 下次任务执行时间:
  - log_scheduler_heartbeat (每分钟): 2025-03-02 15:13:49 (约 0 分钟后)
  - scheduled_task (未知任务): 2025-03-02 15:49:09 (约 35 分钟后)
  - scheduled_task (未知任务): 2025-03-02 16:48:40 (约 94 分钟后)
  - scheduled_task (未知任务): 2025-03-03 03:00:00 (约 706 分钟后)
[2025-03-02 15:14:49.936875] 系统运行正常，已运行: 146.2分钟
[2025-03-02 15:14:50.205251] 调度器心跳 - 系统正常运行中, 当前活跃任务数: 1
  - 活跃任务: Task:热门内容更新:1740898135, 运行时间: True
[2025-03-02 15:15:50.452514] 系统运行正常，已运行: 147.2分钟
[2025-03-02 15:15:50.716783] 调度器心跳 - 系统正常运行中, 当前活跃任务数: 1
  - 活跃任务: Task:热门内容更新:1740898135, 运行时间: True
[2025-03-02 15:15:50.716935] 下次任务执行时间:
  - log_scheduler_heartbeat (每分钟): 2025-03-02 15:15:50 (约 0 分钟后)
  - scheduled_task (未知任务): 2025-03-02 15:49:09 (约 33 分钟后)
  - scheduled_task (未知任务): 2025-03-02 16:48:40 (约 92 分钟后)
  - scheduled_task (未知任务): 2025-03-03 03:00:00 (约 704 分钟后)
[2025-03-02 15:16:50.945141] 系统运行正常，已运行: 148.2分钟
[2025-03-02 15:16:51.215744] 调度器心跳 - 系统正常运行中, 当前活跃任务数: 1
  - 活跃任务: Task:热门内容更新:1740898135, 运行时间: True
[2025-03-02 15:17:51.416402] 系统运行正常，已运行: 149.2分钟
[2025-03-02 15:17:51.700920] 调度器心跳 - 系统正常运行中, 当前活跃任务数: 1
  - 活跃任务: Task:热门内容更新:1740898135, 运行时间: True
[2025-03-02 15:18:51.907411] 系统运行正常，已运行: 150.2分钟
[2025-03-02 15:18:52.191569] 调度器心跳 - 系统正常运行中, 当前活跃任务数: 1
  - 活跃任务: Task:热门内容更新:1740898135, 运行时间: True
[2025-03-02 15:19:52.369870] 系统运行正常，已运行: 151.2分钟
[2025-03-02 15:19:52.686629] 调度器心跳 - 系统正常运行中, 当前活跃任务数: 1
  - 活跃任务: Task:热门内容更新:1740898135, 运行时间: True
[2025-03-02 15:19:52.686762] 下次任务执行时间:
  - log_scheduler_heartbeat (每分钟): 2025-03-02 15:19:52 (约 0 分钟后)
  - scheduled_task (未知任务): 2025-03-02 15:49:09 (约 29 分钟后)
  - scheduled_task (未知任务): 2025-03-02 16:48:40 (约 88 分钟后)
  - scheduled_task (未知任务): 2025-03-03 03:00:00 (约 700 分钟后)
[2025-03-02 15:20:52.864100] 系统运行正常，已运行: 152.2分钟
[2025-03-02 15:20:53.211933] 调度器心跳 - 系统正常运行中, 当前活跃任务数: 1
  - 活跃任务: Task:热门内容更新:1740898135, 运行时间: True
[2025-03-02 15:21:53.335349] 系统运行正常，已运行: 153.2分钟
[2025-03-02 15:21:53.710388] 调度器心跳 - 系统正常运行中, 当前活跃任务数: 1
  - 活跃任务: Task:热门内容更新:1740898135, 运行时间: True
[2025-03-02 15:22:53.811637] 系统运行正常，已运行: 154.2分钟
[2025-03-02 15:22:54.204093] 调度器心跳 - 系统正常运行中, 当前活跃任务数: 1
  - 活跃任务: Task:热门内容更新:1740898135, 运行时间: True
[2025-03-02 15:23:54.303384] 系统运行正常，已运行: 155.2分钟
[2025-03-02 15:23:54.728557] 调度器心跳 - 系统正常运行中, 当前活跃任务数: 1
  - 活跃任务: Task:热门内容更新:1740898135, 运行时间: True
[2025-03-02 15:24:54.797663] 系统运行正常，已运行: 156.2分钟
[2025-03-02 15:24:55.221282] 调度器心跳 - 系统正常运行中, 当前活跃任务数: 1
  - 活跃任务: Task:热门内容更新:1740898135, 运行时间: True
[2025-03-02 15:25:55.295686] 系统运行正常，已运行: 157.2分钟
[2025-03-02 15:25:55.708556] 调度器心跳 - 系统正常运行中, 当前活跃任务数: 1
  - 活跃任务: Task:热门内容更新:1740898135, 运行时间: True
[2025-03-02 15:26:55.799764] 系统运行正常，已运行: 158.3分钟
[2025-03-02 15:26:56.176943] 调度器心跳 - 系统正常运行中, 当前活跃任务数: 1
  - 活跃任务: Task:热门内容更新:1740898135, 运行时间: True
[2025-03-02 15:27:56.286465] 系统运行正常，已运行: 159.3分钟
[2025-03-02 15:27:56.681502] 调度器心跳 - 系统正常运行中, 当前活跃任务数: 1
  - 活跃任务: Task:热门内容更新:1740898135, 运行时间: True
[2025-03-02 15:28:56.794664] 系统运行正常，已运行: 160.3分钟
[2025-03-02 15:28:57.196445] 调度器心跳 - 系统正常运行中, 当前活跃任务数: 1
  - 活跃任务: Task:热门内容更新:1740898135, 运行时间: True
[2025-03-02 15:29:57.304565] 系统运行正常，已运行: 161.3分钟
[2025-03-02 15:29:57.689573] 调度器心跳 - 系统正常运行中, 当前活跃任务数: 1
  - 活跃任务: Task:热门内容更新:1740898135, 运行时间: True
[2025-03-02 15:29:57.693045] 下次任务执行时间:
  - log_scheduler_heartbeat (每分钟): 2025-03-02 15:29:57 (约 0 分钟后)
  - scheduled_task (未知任务): 2025-03-02 15:49:09 (约 19 分钟后)
  - scheduled_task (未知任务): 2025-03-02 16:48:40 (约 78 分钟后)
  - scheduled_task (未知任务): 2025-03-03 03:00:00 (约 690 分钟后)
[2025-03-02 15:30:57.804576] 系统运行正常，已运行: 162.3分钟
[2025-03-02 15:30:58.196419] 调度器心跳 - 系统正常运行中, 当前活跃任务数: 1
  - 活跃任务: Task:热门内容更新:1740898135, 运行时间: True
[2025-03-02 15:31:58.286093] 系统运行正常，已运行: 163.3分钟
[2025-03-02 15:31:58.708948] 调度器心跳 - 系统正常运行中, 当前活跃任务数: 1
  - 活跃任务: Task:热门内容更新:1740898135, 运行时间: True
[2025-03-02 15:31:58.709094] 下次任务执行时间:
  - log_scheduler_heartbeat (每分钟): 2025-03-02 15:31:58 (约 0 分钟后)
  - scheduled_task (未知任务): 2025-03-02 15:49:09 (约 17 分钟后)
  - scheduled_task (未知任务): 2025-03-02 16:48:40 (约 76 分钟后)
  - scheduled_task (未知任务): 2025-03-03 03:00:00 (约 688 分钟后)
[2025-03-02 15:32:58.787659] 系统运行正常，已运行: 164.3分钟
[2025-03-02 15:32:59.218447] 调度器心跳 - 系统正常运行中, 当前活跃任务数: 1
  - 活跃任务: Task:热门内容更新:1740898135, 运行时间: True
[2025-03-02 15:33:59.260530] 系统运行正常，已运行: 165.3分钟
[2025-03-02 15:33:59.727817] 调度器心跳 - 系统正常运行中, 当前活跃任务数: 1
  - 活跃任务: Task:热门内容更新:1740898135, 运行时间: True
[2025-03-02 15:34:59.735904] 系统运行正常，已运行: 166.3分钟
[2025-03-02 15:35:00.237752] 调度器心跳 - 系统正常运行中, 当前活跃任务数: 1
  - 活跃任务: Task:热门内容更新:1740898135, 运行时间: True
[2025-03-02 15:35:00.237932] 下次任务执行时间:
  - log_scheduler_heartbeat (每分钟): 2025-03-02 15:34:59 (约 0 分钟后)
  - scheduled_task (未知任务): 2025-03-02 15:49:09 (约 14 分钟后)
  - scheduled_task (未知任务): 2025-03-02 16:48:40 (约 73 分钟后)
  - scheduled_task (未知任务): 2025-03-03 03:00:00 (约 684 分钟后)
[2025-03-02 15:36:00.211756] 系统运行正常，已运行: 167.3分钟
[2025-03-02 15:36:00.734180] 调度器心跳 - 系统正常运行中, 当前活跃任务数: 1
  - 活跃任务: Task:热门内容更新:1740898135, 运行时间: True
[2025-03-02 15:37:00.701767] 系统运行正常，已运行: 168.3分钟
[2025-03-02 15:37:01.230439] 调度器心跳 - 系统正常运行中, 当前活跃任务数: 1
  - 活跃任务: Task:热门内容更新:1740898135, 运行时间: True
[2025-03-02 15:38:01.201776] 系统运行正常，已运行: 169.3分钟
[2025-03-02 15:38:01.741524] 调度器心跳 - 系统正常运行中, 当前活跃任务数: 1
  - 活跃任务: Task:热门内容更新:1740898135, 运行时间: True
[2025-03-02 15:39:01.699891] 系统运行正常，已运行: 170.4分钟
[2025-03-02 15:39:02.234719] 调度器心跳 - 系统正常运行中, 当前活跃任务数: 1
  - 活跃任务: Task:热门内容更新:1740898135, 运行时间: True
[2025-03-02 15:40:02.182910] 系统运行正常，已运行: 171.4分钟
[2025-03-02 15:40:02.719705] 调度器心跳 - 系统正常运行中, 当前活跃任务数: 1
  - 活跃任务: Task:热门内容更新:1740898135, 运行时间: True
[2025-03-02 15:41:02.706263] 系统运行正常，已运行: 172.4分钟
[2025-03-02 15:41:03.227876] 调度器心跳 - 系统正常运行中, 当前活跃任务数: 1
  - 活跃任务: Task:热门内容更新:1740898135, 运行时间: True
[2025-03-02 15:42:03.184951] 系统运行正常，已运行: 173.4分钟
[2025-03-02 15:42:03.733020] 调度器心跳 - 系统正常运行中, 当前活跃任务数: 1
  - 活跃任务: Task:热门内容更新:1740898135, 运行时间: True
[2025-03-02 15:43:03.667892] 系统运行正常，已运行: 174.4分钟
[2025-03-02 15:43:04.203126] 调度器心跳 - 系统正常运行中, 当前活跃任务数: 1
  - 活跃任务: Task:热门内容更新:1740898135, 运行时间: True
[2025-03-02 15:44:04.152907] 系统运行正常，已运行: 175.4分钟
[2025-03-02 15:44:04.685667] 调度器心跳 - 系统正常运行中, 当前活跃任务数: 1
  - 活跃任务: Task:热门内容更新:1740898135, 运行时间: True
[2025-03-02 15:45:04.649278] 系统运行正常，已运行: 176.4分钟
[2025-03-02 15:45:05.195568] 调度器心跳 - 系统正常运行中, 当前活跃任务数: 1
  - 活跃任务: Task:热门内容更新:1740898135, 运行时间: True
[2025-03-02 15:45:05.195664] 下次任务执行时间:
  - log_scheduler_heartbeat (每分钟): 2025-03-02 15:45:04 (约 0 分钟后)
  - scheduled_task (未知任务): 2025-03-02 15:49:09 (约 4 分钟后)
  - scheduled_task (未知任务): 2025-03-02 16:48:40 (约 63 分钟后)
  - scheduled_task (未知任务): 2025-03-03 03:00:00 (约 674 分钟后)
[2025-03-02 15:46:05.160266] 系统运行正常，已运行: 177.4分钟
[2025-03-02 15:46:05.727459] 调度器心跳 - 系统正常运行中, 当前活跃任务数: 1
  - 活跃任务: Task:热门内容更新:1740898135, 运行时间: True
[2025-03-02 15:46:05.727623] 下次任务执行时间:
  - log_scheduler_heartbeat (每分钟): 2025-03-02 15:46:05 (约 0 分钟后)
  - scheduled_task (未知任务): 2025-03-02 15:49:09 (约 3 分钟后)
  - scheduled_task (未知任务): 2025-03-02 16:48:40 (约 62 分钟后)
  - scheduled_task (未知任务): 2025-03-03 03:00:00 (约 673 分钟后)
[2025-03-02 15:47:05.643067] 系统运行正常，已运行: 178.4分钟
[2025-03-02 15:47:06.233675] 调度器心跳 - 系统正常运行中, 当前活跃任务数: 1
  - 活跃任务: Task:热门内容更新:1740898135, 运行时间: True
[2025-03-02 15:48:06.149924] 系统运行正常，已运行: 179.4分钟
[2025-03-02 15:48:06.745428] 调度器心跳 - 系统正常运行中, 当前活跃任务数: 1
  - 活跃任务: Task:热门内容更新:1740898135, 运行时间: True
[2025-03-02 15:49:06.642701] 系统运行正常，已运行: 180.4分钟
[2025-03-02 15:49:07.223574] 调度器心跳 - 系统正常运行中, 当前活跃任务数: 1
  - 活跃任务: Task:热门内容更新:1740898135, 运行时间: True
[2025-03-02 15:49:10.249268] 开始执行任务: 热门内容更新, 预计耗时: 14秒
[2025-03-02 15:49:10.251723] 任务进度 - 热门内容更新: 0% 完成
[2025-03-02 15:49:11.660400] 任务进度 - 热门内容更新: 10% 完成
[2025-03-02 15:49:13.065309] 任务进度 - 热门内容更新: 20% 完成
[2025-03-02 15:49:14.475184] 任务进度 - 热门内容更新: 30% 完成
[2025-03-02 15:49:15.883214] 任务进度 - 热门内容更新: 40% 完成
[2025-03-02 15:49:17.293282] 任务进度 - 热门内容更新: 50% 完成
[2025-03-02 15:49:18.700778] 任务进度 - 热门内容更新: 60% 完成
[2025-03-02 15:49:20.107615] 任务进度 - 热门内容更新: 70% 完成
[2025-03-02 15:49:21.517304] 任务进度 - 热门内容更新: 80% 完成
[2025-03-02 15:49:22.925711] 任务进度 - 热门内容更新: 90% 完成
[2025-03-02 15:49:24.334912] 任务进度 - 热门内容更新: 100% 完成
[2025-03-02 15:49:24.335011] 任务完成: 热门内容更新, 实际耗时: 14秒
[2025-03-02 15:50:07.120373] 系统运行正常，已运行: 181.4分钟
[2025-03-02 15:50:07.685017] 调度器心跳 - 系统正常运行中, 当前活跃任务数: 1
  - 活跃任务: Task:热门内容更新:1740901750, 运行时间: True
[2025-03-02 15:51:07.599437] 系统运行正常，已运行: 182.4分钟
[2025-03-02 15:51:08.163560] 调度器心跳 - 系统正常运行中, 当前活跃任务数: 1
  - 活跃任务: Task:热门内容更新:1740901750, 运行时间: True
[2025-03-02 15:52:08.106269] 系统运行正常，已运行: 183.5分钟
[2025-03-02 15:52:08.658607] 调度器心跳 - 系统正常运行中, 当前活跃任务数: 1
  - 活跃任务: Task:热门内容更新:1740901750, 运行时间: True
[2025-03-02 15:53:08.608650] 系统运行正常，已运行: 184.5分钟
[2025-03-02 15:53:09.168643] 调度器心跳 - 系统正常运行中, 当前活跃任务数: 1
  - 活跃任务: Task:热门内容更新:1740901750, 运行时间: True
[2025-03-02 15:54:09.109179] 系统运行正常，已运行: 185.5分钟
[2025-03-02 15:54:09.658253] 调度器心跳 - 系统正常运行中, 当前活跃任务数: 1
  - 活跃任务: Task:热门内容更新:1740901750, 运行时间: True
[2025-03-02 15:55:09.614111] 系统运行正常，已运行: 186.5分钟
[2025-03-02 15:55:10.134760] 调度器心跳 - 系统正常运行中, 当前活跃任务数: 1
  - 活跃任务: Task:热门内容更新:1740901750, 运行时间: True
[2025-03-02 15:56:10.095704] 系统运行正常，已运行: 187.5分钟
[2025-03-02 15:56:10.599253] 调度器心跳 - 系统正常运行中, 当前活跃任务数: 1
  - 活跃任务: Task:热门内容更新:1740901750, 运行时间: True
[2025-03-02 15:57:10.604160] 系统运行正常，已运行: 188.5分钟
[2025-03-02 15:57:11.068657] 调度器心跳 - 系统正常运行中, 当前活跃任务数: 1
  - 活跃任务: Task:热门内容更新:1740901750, 运行时间: True
[2025-03-02 15:58:11.101277] 系统运行正常，已运行: 189.5分钟
[2025-03-02 15:58:11.541240] 调度器心跳 - 系统正常运行中, 当前活跃任务数: 1
  - 活跃任务: Task:热门内容更新:1740901750, 运行时间: True
[2025-03-02 15:59:11.583981] 系统运行正常，已运行: 190.5分钟
[2025-03-02 15:59:12.019103] 调度器心跳 - 系统正常运行中, 当前活跃任务数: 1
  - 活跃任务: Task:热门内容更新:1740901750, 运行时间: True
[2025-03-02 16:00:12.059060] 系统运行正常，已运行: 191.5分钟
[2025-03-02 16:00:12.524353] 调度器心跳 - 系统正常运行中, 当前活跃任务数: 1
  - 活跃任务: Task:热门内容更新:1740901750, 运行时间: True
[2025-03-02 16:01:12.540003] 系统运行正常，已运行: 192.5分钟
[2025-03-02 16:01:13.013682] 调度器心跳 - 系统正常运行中, 当前活跃任务数: 1
  - 活跃任务: Task:热门内容更新:1740901750, 运行时间: True
[2025-03-02 16:02:13.044105] 系统运行正常，已运行: 193.5分钟
[2025-03-02 16:02:13.531887] 调度器心跳 - 系统正常运行中, 当前活跃任务数: 1
  - 活跃任务: Task:热门内容更新:1740901750, 运行时间: True
[2025-03-02 16:03:13.507393] 系统运行正常，已运行: 194.5分钟
[2025-03-02 16:03:14.047823] 调度器心跳 - 系统正常运行中, 当前活跃任务数: 1
  - 活跃任务: Task:热门内容更新:1740901750, 运行时间: True
[2025-03-02 16:04:14.001000] 系统运行正常，已运行: 195.6分钟
[2025-03-02 16:04:14.522004] 调度器心跳 - 系统正常运行中, 当前活跃任务数: 1
  - 活跃任务: Task:热门内容更新:1740901750, 运行时间: True
[2025-03-02 16:04:14.522097] 下次任务执行时间:
  - log_scheduler_heartbeat (每分钟): 2025-03-02 16:04:14 (约 0 分钟后)
  - scheduled_task (未知任务): 2025-03-02 16:49:24 (约 45 分钟后)
  - scheduled_task (未知任务): 2025-03-02 16:48:40 (约 44 分钟后)
  - scheduled_task (未知任务): 2025-03-03 03:00:00 (约 655 分钟后)
[2025-03-02 16:05:14.504818] 系统运行正常，已运行: 196.6分钟
[2025-03-02 16:05:15.021222] 调度器心跳 - 系统正常运行中, 当前活跃任务数: 1
  - 活跃任务: Task:热门内容更新:1740901750, 运行时间: True
[2025-03-02 16:06:15.006719] 系统运行正常，已运行: 197.6分钟
[2025-03-02 16:06:15.541417] 调度器心跳 - 系统正常运行中, 当前活跃任务数: 1
  - 活跃任务: Task:热门内容更新:1740901750, 运行时间: True
[2025-03-02 16:07:15.490460] 系统运行正常，已运行: 198.6分钟
[2025-03-02 16:07:16.056251] 调度器心跳 - 系统正常运行中, 当前活跃任务数: 1
  - 活跃任务: Task:热门内容更新:1740901750, 运行时间: True
[2025-03-02 16:07:16.056424] 下次任务执行时间:
  - log_scheduler_heartbeat (每分钟): 2025-03-02 16:07:15 (约 0 分钟后)
  - scheduled_task (未知任务): 2025-03-02 16:49:24 (约 42 分钟后)
  - scheduled_task (未知任务): 2025-03-02 16:48:40 (约 41 分钟后)
  - scheduled_task (未知任务): 2025-03-03 03:00:00 (约 652 分钟后)
[2025-03-02 16:08:15.969493] 系统运行正常，已运行: 199.6分钟
[2025-03-02 16:08:16.566626] 调度器心跳 - 系统正常运行中, 当前活跃任务数: 1
  - 活跃任务: Task:热门内容更新:1740901750, 运行时间: True
[2025-03-02 16:08:16.566654] 下次任务执行时间:
  - log_scheduler_heartbeat (每分钟): 2025-03-02 16:08:16 (约 0 分钟后)
  - scheduled_task (未知任务): 2025-03-02 16:49:24 (约 41 分钟后)
  - scheduled_task (未知任务): 2025-03-02 16:48:40 (约 40 分钟后)
  - scheduled_task (未知任务): 2025-03-03 03:00:00 (约 651 分钟后)
[2025-03-02 16:09:16.442492] 系统运行正常，已运行: 200.6分钟
[2025-03-02 16:09:17.063063] 调度器心跳 - 系统正常运行中, 当前活跃任务数: 1
  - 活跃任务: Task:热门内容更新:1740901750, 运行时间: True
[2025-03-02 16:10:16.956231] 系统运行正常，已运行: 201.6分钟
[2025-03-02 16:10:17.557894] 调度器心跳 - 系统正常运行中, 当前活跃任务数: 1
  - 活跃任务: Task:热门内容更新:1740901750, 运行时间: True
[2025-03-02 16:11:17.449191] 系统运行正常，已运行: 202.6分钟
[2025-03-02 16:11:18.058873] 调度器心跳 - 系统正常运行中, 当前活跃任务数: 1
  - 活跃任务: Task:热门内容更新:1740901750, 运行时间: True
[2025-03-02 16:12:17.946681] 系统运行正常，已运行: 203.6分钟
[2025-03-02 16:12:18.568057] 调度器心跳 - 系统正常运行中, 当前活跃任务数: 1
  - 活跃任务: Task:热门内容更新:1740901750, 运行时间: True
[2025-03-02 16:13:18.443041] 系统运行正常，已运行: 204.6分钟
[2025-03-02 16:13:19.069704] 调度器心跳 - 系统正常运行中, 当前活跃任务数: 1
  - 活跃任务: Task:热门内容更新:1740901750, 运行时间: True
[2025-03-02 16:14:18.923437] 系统运行正常，已运行: 205.6分钟
[2025-03-02 16:14:19.563019] 调度器心跳 - 系统正常运行中, 当前活跃任务数: 1
  - 活跃任务: Task:热门内容更新:1740901750, 运行时间: True
[2025-03-02 16:15:19.423485] 系统运行正常，已运行: 206.6分钟
[2025-03-02 16:15:20.070772] 调度器心跳 - 系统正常运行中, 当前活跃任务数: 1
  - 活跃任务: Task:热门内容更新:1740901750, 运行时间: True
[2025-03-02 16:16:19.897653] 系统运行正常，已运行: 207.7分钟
[2025-03-02 16:16:20.598247] 调度器心跳 - 系统正常运行中, 当前活跃任务数: 1
  - 活跃任务: Task:热门内容更新:1740901750, 运行时间: True
[2025-03-02 16:17:20.351504] 系统运行正常，已运行: 208.7分钟
[2025-03-02 16:17:21.096683] 调度器心跳 - 系统正常运行中, 当前活跃任务数: 1
  - 活跃任务: Task:热门内容更新:1740901750, 运行时间: True
[2025-03-02 16:17:21.096974] 下次任务执行时间:
  - log_scheduler_heartbeat (每分钟): 2025-03-02 16:17:20 (约 0 分钟后)
  - scheduled_task (未知任务): 2025-03-02 16:49:24 (约 32 分钟后)
  - scheduled_task (未知任务): 2025-03-02 16:48:40 (约 31 分钟后)
  - scheduled_task (未知任务): 2025-03-03 03:00:00 (约 642 分钟后)
[2025-03-02 16:18:20.822079] 系统运行正常，已运行: 209.7分钟
[2025-03-02 16:18:21.595113] 调度器心跳 - 系统正常运行中, 当前活跃任务数: 1
  - 活跃任务: Task:热门内容更新:1740901750, 运行时间: True
[2025-03-02 16:18:21.595293] 下次任务执行时间:
  - log_scheduler_heartbeat (每分钟): 2025-03-02 16:18:21 (约 0 分钟后)
  - scheduled_task (未知任务): 2025-03-02 16:49:24 (约 31 分钟后)
  - scheduled_task (未知任务): 2025-03-02 16:48:40 (约 30 分钟后)
  - scheduled_task (未知任务): 2025-03-03 03:00:00 (约 641 分钟后)
[2025-03-02 16:19:21.293426] 系统运行正常，已运行: 210.7分钟
[2025-03-02 16:19:22.071730] 调度器心跳 - 系统正常运行中, 当前活跃任务数: 1
  - 活跃任务: Task:热门内容更新:1740901750, 运行时间: True
[2025-03-02 16:20:21.762035] 系统运行正常，已运行: 211.7分钟
[2025-03-02 16:20:22.597004] 调度器心跳 - 系统正常运行中, 当前活跃任务数: 1
  - 活跃任务: Task:热门内容更新:1740901750, 运行时间: True
[2025-03-02 16:21:22.247979] 系统运行正常，已运行: 212.7分钟
[2025-03-02 16:21:23.079691] 调度器心跳 - 系统正常运行中, 当前活跃任务数: 1
  - 活跃任务: Task:热门内容更新:1740901750, 运行时间: True
[2025-03-02 16:22:22.748229] 系统运行正常，已运行: 213.7分钟
[2025-03-02 16:22:23.552578] 调度器心跳 - 系统正常运行中, 当前活跃任务数: 1
  - 活跃任务: Task:热门内容更新:1740901750, 运行时间: True
[2025-03-02 16:23:23.204800] 系统运行正常，已运行: 214.7分钟
[2025-03-02 16:23:24.031318] 调度器心跳 - 系统正常运行中, 当前活跃任务数: 1
  - 活跃任务: Task:热门内容更新:1740901750, 运行时间: True
[2025-03-02 16:24:23.678469] 系统运行正常，已运行: 215.7分钟
[2025-03-02 16:24:24.523610] 调度器心跳 - 系统正常运行中, 当前活跃任务数: 1
  - 活跃任务: Task:热门内容更新:1740901750, 运行时间: True
[2025-03-02 16:24:24.523774] 下次任务执行时间:
  - log_scheduler_heartbeat (每分钟): 2025-03-02 16:24:24 (约 0 分钟后)
  - scheduled_task (未知任务): 2025-03-02 16:49:24 (约 24 分钟后)
  - scheduled_task (未知任务): 2025-03-02 16:48:40 (约 24 分钟后)
  - scheduled_task (未知任务): 2025-03-03 03:00:00 (约 635 分钟后)
[2025-03-02 16:25:24.172507] 系统运行正常，已运行: 216.7分钟
[2025-03-02 16:25:24.997968] 调度器心跳 - 系统正常运行中, 当前活跃任务数: 1
  - 活跃任务: Task:热门内容更新:1740901750, 运行时间: True
[2025-03-02 16:26:24.671158] 系统运行正常，已运行: 217.7分钟
[2025-03-02 16:26:25.499005] 调度器心跳 - 系统正常运行中, 当前活跃任务数: 1
  - 活跃任务: Task:热门内容更新:1740901750, 运行时间: True
[2025-03-02 16:27:25.169821] 系统运行正常，已运行: 218.7分钟
[2025-03-02 16:27:25.996439] 调度器心跳 - 系统正常运行中, 当前活跃任务数: 1
  - 活跃任务: Task:热门内容更新:1740901750, 运行时间: True
[2025-03-02 16:28:25.672582] 系统运行正常，已运行: 219.8分钟
[2025-03-02 16:28:26.489862] 调度器心跳 - 系统正常运行中, 当前活跃任务数: 1
  - 活跃任务: Task:热门内容更新:1740901750, 运行时间: True
[2025-03-02 16:29:26.161645] 系统运行正常，已运行: 220.8分钟
[2025-03-02 16:29:26.946160] 调度器心跳 - 系统正常运行中, 当前活跃任务数: 1
  - 活跃任务: Task:热门内容更新:1740901750, 运行时间: True
[2025-03-02 16:30:26.656684] 系统运行正常，已运行: 221.8分钟
[2025-03-02 16:30:27.488784] 调度器心跳 - 系统正常运行中, 当前活跃任务数: 1
  - 活跃任务: Task:热门内容更新:1740901750, 运行时间: True
[2025-03-02 16:31:27.157826] 系统运行正常，已运行: 222.8分钟
[2025-03-02 16:31:28.007761] 调度器心跳 - 系统正常运行中, 当前活跃任务数: 1
  - 活跃任务: Task:热门内容更新:1740901750, 运行时间: True
[2025-03-02 16:32:27.671897] 系统运行正常，已运行: 223.8分钟
[2025-03-02 16:32:28.501251] 调度器心跳 - 系统正常运行中, 当前活跃任务数: 1
  - 活跃任务: Task:热门内容更新:1740901750, 运行时间: True
[2025-03-02 16:33:28.175423] 系统运行正常，已运行: 224.8分钟
[2025-03-02 16:33:28.979147] 调度器心跳 - 系统正常运行中, 当前活跃任务数: 1
  - 活跃任务: Task:热门内容更新:1740901750, 运行时间: True
[2025-03-02 16:34:28.671445] 系统运行正常，已运行: 225.8分钟
[2025-03-02 16:34:29.469396] 调度器心跳 - 系统正常运行中, 当前活跃任务数: 1
  - 活跃任务: Task:热门内容更新:1740901750, 运行时间: True
[2025-03-02 16:35:29.163328] 系统运行正常，已运行: 226.8分钟
[2025-03-02 16:35:29.954709] 调度器心跳 - 系统正常运行中, 当前活跃任务数: 1
  - 活跃任务: Task:热门内容更新:1740901750, 运行时间: True
[2025-03-02 16:36:29.652408] 系统运行正常，已运行: 227.8分钟
[2025-03-02 16:36:30.463680] 调度器心跳 - 系统正常运行中, 当前活跃任务数: 1
  - 活跃任务: Task:热门内容更新:1740901750, 运行时间: True
[2025-03-02 16:37:30.170019] 系统运行正常，已运行: 228.8分钟
[2025-03-02 16:37:30.960318] 调度器心跳 - 系统正常运行中, 当前活跃任务数: 1
  - 活跃任务: Task:热门内容更新:1740901750, 运行时间: True
[2025-03-02 16:38:30.675762] 系统运行正常，已运行: 229.8分钟
[2025-03-02 16:38:31.457032] 调度器心跳 - 系统正常运行中, 当前活跃任务数: 1
  - 活跃任务: Task:热门内容更新:1740901750, 运行时间: True
[2025-03-02 16:39:31.162769] 系统运行正常，已运行: 230.8分钟
[2025-03-02 16:39:31.917213] 调度器心跳 - 系统正常运行中, 当前活跃任务数: 1
  - 活跃任务: Task:热门内容更新:1740901750, 运行时间: True
[2025-03-02 16:40:31.658524] 系统运行正常，已运行: 231.9分钟
[2025-03-02 16:40:32.419467] 调度器心跳 - 系统正常运行中, 当前活跃任务数: 1
  - 活跃任务: Task:热门内容更新:1740901750, 运行时间: True
[2025-03-02 16:40:32.419620] 下次任务执行时间:
  - log_scheduler_heartbeat (每分钟): 2025-03-02 16:40:31 (约 0 分钟后)
  - scheduled_task (未知任务): 2025-03-02 16:49:24 (约 8 分钟后)
  - scheduled_task (未知任务): 2025-03-02 16:48:40 (约 8 分钟后)
  - scheduled_task (未知任务): 2025-03-03 03:00:00 (约 619 分钟后)
[2025-03-02 16:41:32.155308] 系统运行正常，已运行: 232.9分钟
[2025-03-02 16:41:32.910406] 调度器心跳 - 系统正常运行中, 当前活跃任务数: 1
  - 活跃任务: Task:热门内容更新:1740901750, 运行时间: True
[2025-03-02 16:42:32.658204] 系统运行正常，已运行: 233.9分钟
[2025-03-02 16:42:33.426669] 调度器心跳 - 系统正常运行中, 当前活跃任务数: 1
  - 活跃任务: Task:热门内容更新:1740901750, 运行时间: True
[2025-03-02 16:43:33.145992] 系统运行正常，已运行: 234.9分钟
[2025-03-02 16:43:33.948192] 调度器心跳 - 系统正常运行中, 当前活跃任务数: 1
  - 活跃任务: Task:热门内容更新:1740901750, 运行时间: True
[2025-03-02 16:44:33.621199] 系统运行正常，已运行: 235.9分钟
[2025-03-02 16:44:34.445117] 调度器心跳 - 系统正常运行中, 当前活跃任务数: 1
  - 活跃任务: Task:热门内容更新:1740901750, 运行时间: True
[2025-03-02 16:45:34.127088] 系统运行正常，已运行: 236.9分钟
[2025-03-02 16:45:34.961090] 调度器心跳 - 系统正常运行中, 当前活跃任务数: 1
  - 活跃任务: Task:热门内容更新:1740901750, 运行时间: True
[2025-03-02 16:46:34.643827] 系统运行正常，已运行: 237.9分钟
[2025-03-02 16:46:35.413817] 调度器心跳 - 系统正常运行中, 当前活跃任务数: 1
  - 活跃任务: Task:热门内容更新:1740901750, 运行时间: True
[2025-03-02 16:47:35.134289] 系统运行正常，已运行: 238.9分钟
[2025-03-02 16:47:35.919372] 调度器心跳 - 系统正常运行中, 当前活跃任务数: 1
  - 活跃任务: Task:热门内容更新:1740901750, 运行时间: True
[2025-03-02 16:47:35.919471] 下次任务执行时间:
  - log_scheduler_heartbeat (每分钟): 2025-03-02 16:47:35 (约 0 分钟后)
  - scheduled_task (未知任务): 2025-03-02 16:49:24 (约 1 分钟后)
  - scheduled_task (未知任务): 2025-03-02 16:48:40 (约 1 分钟后)
  - scheduled_task (未知任务): 2025-03-03 03:00:00 (约 612 分钟后)
[2025-03-02 16:48:35.660333] 系统运行正常，已运行: 239.9分钟
[2025-03-02 16:48:36.420417] 调度器心跳 - 系统正常运行中, 当前活跃任务数: 1
  - 活跃任务: Task:热门内容更新:1740901750, 运行时间: True
[2025-03-02 16:48:41.458881] 开始执行任务: 用户兴趣模型更新, 预计耗时: 20秒
[2025-03-02 16:48:41.460316] 任务进度 - 用户兴趣模型更新: 0% 完成
[2025-03-02 16:48:43.469558] 任务进度 - 用户兴趣模型更新: 10% 完成
[2025-03-02 16:48:45.477770] 任务进度 - 用户兴趣模型更新: 20% 完成
[2025-03-02 16:48:47.487884] 任务进度 - 用户兴趣模型更新: 30% 完成
[2025-03-02 16:48:49.497904] 任务进度 - 用户兴趣模型更新: 40% 完成
[2025-03-02 16:48:51.508104] 任务进度 - 用户兴趣模型更新: 50% 完成
[2025-03-02 16:48:53.508640] 任务进度 - 用户兴趣模型更新: 60% 完成
[2025-03-02 16:48:55.517847] 任务进度 - 用户兴趣模型更新: 70% 完成
[2025-03-02 16:48:57.527459] 任务进度 - 用户兴趣模型更新: 80% 完成
[2025-03-02 16:48:59.537599] 任务进度 - 用户兴趣模型更新: 90% 完成
[2025-03-02 16:49:01.546108] 任务进度 - 用户兴趣模型更新: 100% 完成
[2025-03-02 16:49:01.546191] 任务完成: 用户兴趣模型更新, 实际耗时: 20秒
[2025-03-02 16:49:24.746005] 开始执行任务: 热门内容更新, 预计耗时: 14秒
[2025-03-02 16:49:24.746173] 任务进度 - 热门内容更新: 0% 完成
[2025-03-02 16:49:26.153173] 任务进度 - 热门内容更新: 10% 完成
[2025-03-02 16:49:27.557844] 任务进度 - 热门内容更新: 20% 完成
[2025-03-02 16:49:28.965655] 任务进度 - 热门内容更新: 30% 完成
[2025-03-02 16:49:30.368657] 任务进度 - 热门内容更新: 40% 完成
[2025-03-02 16:49:31.777522] 任务进度 - 热门内容更新: 50% 完成
[2025-03-02 16:49:33.187839] 任务进度 - 热门内容更新: 60% 完成
[2025-03-02 16:49:34.597486] 任务进度 - 热门内容更新: 70% 完成
[2025-03-02 16:49:36.007179] 任务进度 - 热门内容更新: 80% 完成
[2025-03-02 16:49:36.126723] 系统运行正常，已运行: 240.9分钟
[2025-03-02 16:49:37.409651] 任务进度 - 热门内容更新: 90% 完成
[2025-03-02 16:49:38.818782] 任务进度 - 热门内容更新: 100% 完成
[2025-03-02 16:49:38.818894] 任务完成: 热门内容更新, 实际耗时: 14秒
[2025-03-02 16:49:39.826131] 调度器心跳 - 系统正常运行中, 当前活跃任务数: 1
  - 活跃任务: Task:热门内容更新:1740905364, 运行时间: True
[2025-03-02 16:49:39.826274] 下次任务执行时间:
  - log_scheduler_heartbeat (每分钟): 2025-03-02 16:49:36 (约 0 分钟后)
  - scheduled_task (未知任务): 2025-03-02 17:49:38 (约 59 分钟后)
  - scheduled_task (未知任务): 2025-03-02 20:49:01 (约 239 分钟后)
  - scheduled_task (未知任务): 2025-03-03 03:00:00 (约 610 分钟后)
[2025-03-02 16:50:36.616495] 系统运行正常，已运行: 241.9分钟
[2025-03-02 16:50:40.325202] 调度器心跳 - 系统正常运行中, 当前活跃任务数: 1
  - 活跃任务: Task:热门内容更新:1740905364, 运行时间: True
[2025-03-02 16:50:40.325354] 下次任务执行时间:
  - log_scheduler_heartbeat (每分钟): 2025-03-02 16:50:39 (约 0 分钟后)
  - scheduled_task (未知任务): 2025-03-02 17:49:38 (约 58 分钟后)
  - scheduled_task (未知任务): 2025-03-02 20:49:01 (约 238 分钟后)
  - scheduled_task (未知任务): 2025-03-03 03:00:00 (约 609 分钟后)
[2025-03-02 16:51:37.100043] 系统运行正常，已运行: 242.9分钟
[2025-03-02 16:51:40.827427] 调度器心跳 - 系统正常运行中, 当前活跃任务数: 1
  - 活跃任务: Task:热门内容更新:1740905364, 运行时间: True
[2025-03-02 16:52:37.591192] 系统运行正常，已运行: 243.9分钟
[2025-03-02 16:52:41.317860] 调度器心跳 - 系统正常运行中, 当前活跃任务数: 1
  - 活跃任务: Task:热门内容更新:1740905364, 运行时间: True
[2025-03-02 16:53:38.086116] 系统运行正常，已运行: 245.0分钟
[2025-03-02 16:53:41.800071] 调度器心跳 - 系统正常运行中, 当前活跃任务数: 1
  - 活跃任务: Task:热门内容更新:1740905364, 运行时间: True
[2025-03-02 16:54:38.573144] 系统运行正常，已运行: 246.0分钟
[2025-03-02 16:54:42.277602] 调度器心跳 - 系统正常运行中, 当前活跃任务数: 1
  - 活跃任务: Task:热门内容更新:1740905364, 运行时间: True
[2025-03-02 16:55:39.059464] 系统运行正常，已运行: 247.0分钟
[2025-03-02 16:55:42.772923] 调度器心跳 - 系统正常运行中, 当前活跃任务数: 1
  - 活跃任务: Task:热门内容更新:1740905364, 运行时间: True
[2025-03-02 16:56:39.571334] 系统运行正常，已运行: 248.0分钟
[2025-03-02 16:56:43.278381] 调度器心跳 - 系统正常运行中, 当前活跃任务数: 1
  - 活跃任务: Task:热门内容更新:1740905364, 运行时间: True
[2025-03-02 16:57:40.033159] 系统运行正常，已运行: 249.0分钟
[2025-03-02 16:57:43.784832] 调度器心跳 - 系统正常运行中, 当前活跃任务数: 1
  - 活跃任务: Task:热门内容更新:1740905364, 运行时间: True
[2025-03-02 16:58:40.533601] 系统运行正常，已运行: 250.0分钟
[2025-03-02 16:58:44.280161] 调度器心跳 - 系统正常运行中, 当前活跃任务数: 1
  - 活跃任务: Task:热门内容更新:1740905364, 运行时间: True
[2025-03-02 16:58:44.280289] 下次任务执行时间:
  - log_scheduler_heartbeat (每分钟): 2025-03-02 16:58:43 (约 0 分钟后)
  - scheduled_task (未知任务): 2025-03-02 17:49:38 (约 50 分钟后)
  - scheduled_task (未知任务): 2025-03-02 20:49:01 (约 230 分钟后)
  - scheduled_task (未知任务): 2025-03-03 03:00:00 (约 601 分钟后)
[2025-03-02 16:59:41.018440] 系统运行正常，已运行: 251.0分钟
[2025-03-02 16:59:44.813713] 调度器心跳 - 系统正常运行中, 当前活跃任务数: 1
  - 活跃任务: Task:热门内容更新:1740905364, 运行时间: True
[2025-03-02 17:00:41.476070] 系统运行正常，已运行: 252.0分钟
[2025-03-02 17:00:45.344474] 调度器心跳 - 系统正常运行中, 当前活跃任务数: 1
  - 活跃任务: Task:热门内容更新:1740905364, 运行时间: True
[2025-03-02 17:00:45.344560] 下次任务执行时间:
  - log_scheduler_heartbeat (每分钟): 2025-03-02 17:00:44 (约 0 分钟后)
  - scheduled_task (未知任务): 2025-03-02 17:49:38 (约 48 分钟后)
  - scheduled_task (未知任务): 2025-03-02 20:49:01 (约 228 分钟后)
  - scheduled_task (未知任务): 2025-03-03 03:00:00 (约 599 分钟后)
[2025-03-02 17:01:41.955320] 系统运行正常，已运行: 253.0分钟
[2025-03-02 17:01:45.855364] 调度器心跳 - 系统正常运行中, 当前活跃任务数: 1
  - 活跃任务: Task:热门内容更新:1740905364, 运行时间: True
[2025-03-02 17:01:45.855513] 下次任务执行时间:
  - log_scheduler_heartbeat (每分钟): 2025-03-02 17:01:45 (约 0 分钟后)
  - scheduled_task (未知任务): 2025-03-02 17:49:38 (约 47 分钟后)
  - scheduled_task (未知任务): 2025-03-02 20:49:01 (约 227 分钟后)
  - scheduled_task (未知任务): 2025-03-03 03:00:00 (约 598 分钟后)
[2025-03-02 17:02:42.450581] 系统运行正常，已运行: 254.0分钟
[2025-03-02 17:02:46.358060] 调度器心跳 - 系统正常运行中, 当前活跃任务数: 1
  - 活跃任务: Task:热门内容更新:1740905364, 运行时间: True
[2025-03-02 17:03:42.990080] 系统运行正常，已运行: 255.0分钟
[2025-03-02 17:03:46.855298] 调度器心跳 - 系统正常运行中, 当前活跃任务数: 1
  - 活跃任务: Task:热门内容更新:1740905364, 运行时间: True

[2025-03-02 17:04:39.351951] 收到退出信号，正在安全退出...
[2025-03-02 17:04:39.352992] 系统已安全退出，总运行时间: 15358.75秒

[2025-03-02 17:24:14.349467] 系统启动，日志重定向到 ./recommend_system.log
[2025-03-02 17:24:14.349539] 信号处理函数已注册
[2025-03-02 17:24:14.349553] 正在初始化数据库连接池...
[2025-03-02 17:24:14.349564] 数据库连接池初始化完成
[2025-03-02 17:24:14.349574] 跳过数据库表结构初始化，如需初始化请使用 --init-db 参数
[2025-03-02 17:24:14.349583] 启动调度任务服务...
[2025-03-02 17:24:14.349778] 正在初始化定时任务调度器...
[2025-03-02 17:24:14.349799] 调度任务线程已启动
[2025-03-02 17:24:14.349814] 开始添加定时任务...
[2025-03-02 17:24:14.349840] 系统启动完成，耗时: 0.00秒
[2025-03-02 17:24:14.349898] 已添加心跳监控任务 (每分钟)
[2025-03-02 17:24:14.349919] 系统运行中，按Ctrl+C终止...
[2025-03-02 17:24:14.349964] 已添加热门内容更新任务 (每小时)
[2025-03-02 17:24:14.350015] 已添加用户兴趣模型更新任务 (每4小时)
[2025-03-02 17:24:14.350169] 已添加全量数据分析任务 (每天03:00)
[2025-03-02 17:24:14.350182] 下次任务执行时间:
  - log_scheduler_heartbeat (每分钟): 2025-03-02 17:25:14 (约 0 分钟后)
  - scheduled_task (未知任务): 2025-03-02 18:24:14 (约 59 分钟后)
  - scheduled_task (未知任务): 2025-03-02 21:24:14 (约 239 分钟后)
  - scheduled_task (未知任务): 2025-03-03 03:00:00 (约 575 分钟后)
[2025-03-02 17:24:14.350347] 定时任务调度器初始化完成，共设置了 4 个任务
[2025-03-02 17:24:14.350357] 开始进入任务调度循环...
[2025-03-02 17:25:14.594421] 系统运行正常，已运行: 1.0分钟
[2025-03-02 17:25:14.650098] 调度器心跳 - 系统正常运行中, 当前活跃任务数: 0
[2025-03-02 17:26:14.871939] 系统运行正常，已运行: 2.0分钟
[2025-03-02 17:26:14.889755] 调度器心跳 - 系统正常运行中, 当前活跃任务数: 0
[2025-03-02 17:26:14.890341] 下次任务执行时间:
  - log_scheduler_heartbeat (每分钟): 2025-03-02 17:26:14 (约 0 分钟后)
  - scheduled_task (未知任务): 2025-03-02 18:24:14 (约 57 分钟后)
  - scheduled_task (未知任务): 2025-03-02 21:24:14 (约 237 分钟后)
  - scheduled_task (未知任务): 2025-03-03 03:00:00 (约 573 分钟后)
[2025-03-02 17:27:15.118421] 系统运行正常，已运行: 3.0分钟
[2025-03-02 17:27:15.120828] 调度器心跳 - 系统正常运行中, 当前活跃任务数: 0
[2025-03-02 17:28:15.348400] 调度器心跳 - 系统正常运行中, 当前活跃任务数: 0
[2025-03-02 17:28:15.361791] 系统运行正常，已运行: 4.0分钟
[2025-03-02 17:29:15.583081] 系统运行正常，已运行: 5.0分钟
[2025-03-02 17:29:15.617365] 调度器心跳 - 系统正常运行中, 当前活跃任务数: 0
[2025-03-02 17:30:15.900684] 调度器心跳 - 系统正常运行中, 当前活跃任务数: 0
[2025-03-02 17:30:15.902687] 系统运行正常，已运行: 6.0分钟
[2025-03-02 17:31:16.121414] 系统运行正常，已运行: 7.0分钟
[2025-03-02 17:31:16.127601] 调度器心跳 - 系统正常运行中, 当前活跃任务数: 0
[2025-03-02 17:32:16.359265] 系统运行正常，已运行: 8.0分钟
[2025-03-02 17:32:16.362445] 调度器心跳 - 系统正常运行中, 当前活跃任务数: 0
[2025-03-02 17:33:16.597263] 调度器心跳 - 系统正常运行中, 当前活跃任务数: 0
[2025-03-02 17:33:16.597997] 系统运行正常，已运行: 9.0分钟
[2025-03-02 17:34:16.830715] 系统运行正常，已运行: 10.0分钟
[2025-03-02 17:34:16.840241] 调度器心跳 - 系统正常运行中, 当前活跃任务数: 0
[2025-03-02 17:35:17.071066] 系统运行正常，已运行: 11.0分钟
[2025-03-02 17:35:17.082370] 调度器心跳 - 系统正常运行中, 当前活跃任务数: 0
[2025-03-02 17:35:17.082838] 下次任务执行时间:
  - log_scheduler_heartbeat (每分钟): 2025-03-02 17:35:16 (约 0 分钟后)
  - scheduled_task (未知任务): 2025-03-02 18:24:14 (约 48 分钟后)
  - scheduled_task (未知任务): 2025-03-02 21:24:14 (约 228 分钟后)
  - scheduled_task (未知任务): 2025-03-03 03:00:00 (约 564 分钟后)
[2025-03-02 17:36:17.283674] 系统运行正常，已运行: 12.0分钟
[2025-03-02 17:36:17.315868] 调度器心跳 - 系统正常运行中, 当前活跃任务数: 0
[2025-03-02 17:37:17.510946] 系统运行正常，已运行: 13.1分钟
[2025-03-02 17:37:17.548311] 调度器心跳 - 系统正常运行中, 当前活跃任务数: 0
[2025-03-02 17:38:17.740138] 系统运行正常，已运行: 14.1分钟
[2025-03-02 17:38:17.772317] 调度器心跳 - 系统正常运行中, 当前活跃任务数: 0
[2025-03-02 17:39:17.970287] 系统运行正常，已运行: 15.1分钟
[2025-03-02 17:39:17.997392] 调度器心跳 - 系统正常运行中, 当前活跃任务数: 0
[2025-03-02 17:40:18.192016] 系统运行正常，已运行: 16.1分钟
[2025-03-02 17:40:18.233743] 调度器心跳 - 系统正常运行中, 当前活跃任务数: 0
[2025-03-02 17:40:57.385627] 调度器运行中 - 循环次数: 1000, 任务数: 4
[2025-03-02 17:41:18.412220] 系统运行正常，已运行: 17.1分钟
[2025-03-02 17:41:18.462191] 调度器心跳 - 系统正常运行中, 当前活跃任务数: 0
[2025-03-02 17:42:18.654815] 系统运行正常，已运行: 18.1分钟
[2025-03-02 17:42:18.706443] 调度器心跳 - 系统正常运行中, 当前活跃任务数: 0
[2025-03-02 17:43:18.895521] 系统运行正常，已运行: 19.1分钟
[2025-03-02 17:43:18.948518] 调度器心跳 - 系统正常运行中, 当前活跃任务数: 0
[2025-03-02 17:44:19.125327] 系统运行正常，已运行: 20.1分钟
[2025-03-02 17:44:19.187582] 调度器心跳 - 系统正常运行中, 当前活跃任务数: 0
[2025-03-02 17:45:19.359761] 系统运行正常，已运行: 21.1分钟
[2025-03-02 17:45:19.419321] 调度器心跳 - 系统正常运行中, 当前活跃任务数: 0
[2025-03-02 17:46:19.611079] 系统运行正常，已运行: 22.1分钟
[2025-03-02 17:46:19.642921] 调度器心跳 - 系统正常运行中, 当前活跃任务数: 0
[2025-03-02 17:46:19.643026] 下次任务执行时间:
  - log_scheduler_heartbeat (每分钟): 2025-03-02 17:46:19 (约 0 分钟后)
  - scheduled_task (未知任务): 2025-03-02 18:24:14 (约 37 分钟后)
  - scheduled_task (未知任务): 2025-03-02 21:24:14 (约 217 分钟后)
  - scheduled_task (未知任务): 2025-03-03 03:00:00 (约 553 分钟后)

[2025-03-02 17:47:01.182791] 收到退出信号，正在安全退出...

[2025-03-02 17:47:01.366626] 收到退出信号，正在安全退出...
[2025-03-02 17:47:01.797447] 系统已安全退出，总运行时间: 1367.45秒

[2025-03-02 18:10:37.665374] 系统启动，日志重定向到 ./recommend_system.log
[2025-03-02 18:10:37.666789] 正在注册信号处理函数...
[2025-03-02 18:10:37.666831] 信号处理函数已注册
[2025-03-02 18:10:37.666842] 正在初始化数据库连接池...
[2025-03-02 18:10:37.666851] 数据库连接池初始化完成
[2025-03-02 18:10:37.666871] 跳过数据库表结构初始化，如需初始化请使用 --init-db 参数
[2025-03-02 18:10:37.666878] 启动调度任务服务...
[2025-03-02 18:10:37.667186] 正在初始化定时任务调度器...
[2025-03-02 18:10:37.667215] 开始添加定时任务...
[2025-03-02 18:10:37.667205] 调度任务线程已启动
[2025-03-02 18:10:37.667250] 已添加心跳监控任务 (每分钟)
[2025-03-02 18:10:37.667265] 系统启动完成，耗时: 0.01秒
[2025-03-02 18:10:37.667302] 已添加热门内容更新任务 (每小时)
[2025-03-02 18:10:37.667313] 系统运行中，按Ctrl+C终止...
[2025-03-02 18:10:37.667348] 已添加用户兴趣模型更新任务 (每4小时)
[2025-03-02 18:10:37.667466] 已添加全量数据分析任务 (每天03:00)
[2025-03-02 18:10:37.667475] 下次任务执行时间:
  - log_scheduler_heartbeat (每分钟): 2025-03-02 18:11:37 (约 0 分钟后)
  - scheduled_task (未知任务): 2025-03-02 19:10:37 (约 59 分钟后)
  - scheduled_task (未知任务): 2025-03-02 22:10:37 (约 239 分钟后)
  - scheduled_task (未知任务): 2025-03-03 03:00:00 (约 529 分钟后)
[2025-03-02 18:10:37.667591] 定时任务调度器初始化完成，共设置了 4 个任务
[2025-03-02 18:10:37.667598] 开始进入任务调度循环...
[2025-03-02 18:11:37.899456] 系统运行正常，已运行: 1.0分钟
[2025-03-02 18:11:37.909714] 调度器心跳 - 系统正常运行中, 当前活跃任务数: 0
[2025-03-02 18:12:17.073128] 主循环健康检查 - 迭代次数: 100
[2025-03-02 18:12:38.175494] 调度器心跳 - 系统正常运行中, 当前活跃任务数: 0
[2025-03-02 18:12:38.177653] 系统运行正常，已运行: 2.0分钟
[2025-03-02 18:13:38.462219] 系统运行正常，已运行: 3.0分钟
[2025-03-02 18:13:38.469818] 调度器心跳 - 系统正常运行中, 当前活跃任务数: 0
[2025-03-02 18:13:38.470307] 下次任务执行时间:
  - log_scheduler_heartbeat (每分钟): 2025-03-02 18:13:38 (约 0 分钟后)
  - scheduled_task (未知任务): 2025-03-02 19:10:37 (约 56 分钟后)
  - scheduled_task (未知任务): 2025-03-02 22:10:37 (约 236 分钟后)
  - scheduled_task (未知任务): 2025-03-03 03:00:00 (约 526 分钟后)
[2025-03-02 18:13:57.559085] 主循环健康检查 - 迭代次数: 200
[2025-03-02 18:14:38.724580] 调度器心跳 - 系统正常运行中, 当前活跃任务数: 0
[2025-03-02 18:14:38.725248] 系统运行正常，已运行: 4.0分钟
[2025-03-02 18:15:37.963131] 主循环健康检查 - 迭代次数: 300
[2025-03-02 18:15:38.967251] 系统运行正常，已运行: 5.0分钟
[2025-03-02 18:15:38.993400] 调度器心跳 - 系统正常运行中, 当前活跃任务数: 0
[2025-03-02 18:15:38.993553] 下次任务执行时间:
  - log_scheduler_heartbeat (每分钟): 2025-03-02 18:15:38 (约 0 分钟后)
  - scheduled_task (未知任务): 2025-03-02 19:10:37 (约 54 分钟后)
  - scheduled_task (未知任务): 2025-03-02 22:10:37 (约 234 分钟后)
  - scheduled_task (未知任务): 2025-03-03 03:00:00 (约 524 分钟后)
[2025-03-02 18:16:39.208274] 系统运行正常，已运行: 6.0分钟
[2025-03-02 18:16:39.236815] 调度器心跳 - 系统正常运行中, 当前活跃任务数: 0
[2025-03-02 18:17:18.367840] 主循环健康检查 - 迭代次数: 400
[2025-03-02 18:17:39.453913] 系统运行正常，已运行: 7.0分钟
[2025-03-02 18:17:39.488476] 调度器心跳 - 系统正常运行中, 当前活跃任务数: 0
[2025-03-02 18:18:39.736932] 系统运行正常，已运行: 8.0分钟
[2025-03-02 18:18:39.755955] 调度器心跳 - 系统正常运行中, 当前活跃任务数: 0
[2025-03-02 18:18:58.903711] 主循环健康检查 - 迭代次数: 500
[2025-03-02 18:19:40.224409] 系统运行正常，已运行: 9.0分钟
[2025-03-02 18:19:40.239203] 调度器心跳 - 系统正常运行中, 当前活跃任务数: 0
[2025-03-02 18:20:39.728744] 主循环健康检查 - 迭代次数: 600
[2025-03-02 18:20:40.746803] 调度器心跳 - 系统正常运行中, 当前活跃任务数: 0
[2025-03-02 18:20:40.748616] 系统运行正常，已运行: 10.1分钟
[2025-03-02 18:21:41.142633] 系统运行正常，已运行: 11.1分钟
[2025-03-02 18:21:41.170008] 调度器心跳 - 系统正常运行中, 当前活跃任务数: 0
[2025-03-02 18:22:20.298303] 主循环健康检查 - 迭代次数: 700
[2025-03-02 18:22:41.391270] 系统运行正常，已运行: 12.1分钟
[2025-03-02 18:22:41.411316] 调度器心跳 - 系统正常运行中, 当前活跃任务数: 0
[2025-03-02 18:23:41.634206] 系统运行正常，已运行: 13.1分钟
[2025-03-02 18:23:41.658125] 调度器心跳 - 系统正常运行中, 当前活跃任务数: 0
[2025-03-02 18:24:00.722065] 主循环健康检查 - 迭代次数: 800
[2025-03-02 18:24:41.893903] 系统运行正常，已运行: 14.1分钟
[2025-03-02 18:24:41.903201] 调度器心跳 - 系统正常运行中, 当前活跃任务数: 0
[2025-03-02 18:25:41.147994] 主循环健康检查 - 迭代次数: 900
[2025-03-02 18:25:42.151787] 调度器心跳 - 系统正常运行中, 当前活跃任务数: 0
[2025-03-02 18:25:42.161157] 系统运行正常，已运行: 15.1分钟

[2025-03-02 18:25:59.582210] 收到退出信号，正在安全退出...
[2025-03-02 18:26:00.235132] 系统已安全退出，总运行时间: 922.58秒
