
[2025-03-02 19:37:04.590410] 系统启动，日志重定向到 logs/recommend_system_20250302_193702.log
[2025-03-02 19:37:04.590463] 正在注册信号处理函数...
[2025-03-02 19:37:04.590487] 信号处理函数已注册
[2025-03-02 19:37:04.590498] 正在初始化数据库连接池...
[2025-03-02 19:37:04.590506] 数据库连接池初始化完成
[2025-03-02 19:37:04.590513] 跳过数据库表结构初始化，如需初始化请使用 --init-db 参数
[2025-03-02 19:37:04.590522] 启动调度任务服务...
[2025-03-02 19:37:04.590621] 正在初始化定时任务调度器...
[2025-03-02 19:37:04.590653] 开始添加定时任务...
[2025-03-02 19:37:04.590642] 调度任务线程已启动
[2025-03-02 19:37:04.590705] 已添加心跳监控任务 (每分钟)
[2025-03-02 19:37:04.590723] 系统启动完成，耗时: 0.00秒
[2025-03-02 19:37:04.590778] 已添加热门内容更新任务 (每小时)
[2025-03-02 19:37:04.590793] 系统运行中，按Ctrl+C终止...
[2025-03-02 19:37:04.590818] 已添加用户兴趣模型更新任务 (每4小时)
[2025-03-02 19:37:04.590959] 已添加全量数据分析任务 (每天03:00)
[2025-03-02 19:37:04.590969] 下次任务执行时间:
  - log_scheduler_heartbeat (每分钟): 2025-03-02 19:38:04 (约 0 分钟后)
  - scheduled_task (未知任务): 2025-03-02 20:37:04 (约 59 分钟后)
  - scheduled_task (未知任务): 2025-03-02 23:37:04 (约 239 分钟后)
  - scheduled_task (未知任务): 2025-03-03 03:00:00 (约 442 分钟后)
[2025-03-02 19:37:04.591113] 定时任务调度器初始化完成，共设置了 4 个任务
[2025-03-02 19:37:04.591121] 开始进入任务调度循环...

[2025-03-02 19:37:24.932851] 收到退出信号，正在安全退出...
[2025-03-02 19:37:25.678316] 系统已安全退出，总运行时间: 21.09秒
